2025-09-21 19:01:20,786 - INFO] {'__module__': '__main__', 'seed': 42, 'pass_channel': True, 'CUDA': True, 'device': device(type='cuda', index=0), 'norm': False, 'print_step': 100, 'plot_step': 10000, 'filename': '2025-09-21 19:01:20', 'workdir': './history/2025-09-21 19:01:20', 'log': './history/2025-09-21 19:01:20/Log_2025-09-21 19:01:20.log', 'samples': './history/2025-09-21 19:01:20/samples', 'models': './history/2025-09-21 19:01:20/models', 'logger': <Logger Deep joint source channel coder (INFO)>, 'normalize': False, 'learning_rate': 0.0001, 'tot_epoch': 10000000, 'save_model_freq': 100, 'image_dims': (3, 256, 256), 'base_path': '/home/matthewwang16czap/datasets/DIV2K/', 'test_data_dir': ['/home/matthewwang16czap/datasets/Kodak/'], 'train_data_dir': ['/home/matthewwang16czap/datasets/DIV2K//clic2020/**', '/home/matthewwang16czap/datasets/DIV2K//clic2021/train', '/home/matthewwang16czap/datasets/DIV2K//clic2021/valid', '/home/matthewwang16czap/datasets/DIV2K//clic2022/val', '/home/matthewwang16czap/datasets/DIV2K//DIV2K_train_HR', '/home/matthewwang16czap/datasets/DIV2K//DIV2K_valid_HR'], 'batch_size': 16, 'downsample': 4, 'channel_number': None, 'encoder_kwargs': {'model': 'SwinJSCC_w/_SAandRA', 'img_size': (256, 256), 'patch_size': 2, 'in_chans': 3, 'embed_dims': [128, 192, 256, 320], 'depths': [2, 2, 6, 2], 'num_heads': [4, 6, 8, 10], 'C': None, 'window_size': 8, 'mlp_ratio': 4.0, 'qkv_bias': True, 'qk_scale': None, 'norm_layer': <class 'torch.nn.modules.normalization.LayerNorm'>, 'patch_norm': True}, 'decoder_kwargs': {'model': 'SwinJSCC_w/_SAandRA', 'img_size': (256, 256), 'embed_dims': [320, 256, 192, 128], 'depths': [2, 6, 2, 2], 'num_heads': [10, 8, 6, 4], 'C': None, 'window_size': 8, 'mlp_ratio': 4.0, 'qkv_bias': True, 'qk_scale': None, 'norm_layer': <class 'torch.nn.modules.normalization.LayerNorm'>, 'patch_norm': True}, '__dict__': <attribute '__dict__' of 'config' objects>, '__weakref__': <attribute '__weakref__' of 'config' objects>, '__doc__': None}
2025-09-21 19:01:21,003 - INFO] Network config: 
2025-09-21 19:01:21,004 - INFO] Encoder: 
2025-09-21 19:01:21,004 - INFO] {'model': 'SwinJSCC_w/_SAandRA', 'img_size': (256, 256), 'patch_size': 2, 'in_chans': 3, 'embed_dims': [128, 192, 256, 320], 'depths': [2, 2, 6, 2], 'num_heads': [4, 6, 8, 10], 'C': None, 'window_size': 8, 'mlp_ratio': 4.0, 'qkv_bias': True, 'qk_scale': None, 'norm_layer': <class 'torch.nn.modules.normalization.LayerNorm'>, 'patch_norm': True}
2025-09-21 19:01:21,004 - INFO] Decoder: 
2025-09-21 19:01:21,004 - INFO] {'model': 'SwinJSCC_w/_SAandRA', 'img_size': (256, 256), 'embed_dims': [320, 256, 192, 128], 'depths': [2, 6, 2, 2], 'num_heads': [10, 8, 6, 4], 'C': None, 'window_size': 8, 'mlp_ratio': 4.0, 'qkv_bias': True, 'qk_scale': None, 'norm_layer': <class 'torch.nn.modules.normalization.LayerNorm'>, 'patch_norm': True}
2025-09-21 19:01:21,005 - INFO] 【Channel】: Built awgn channel, SNR 1,4,7,10,13 dB.
/home/matthewwang16czap/SwinJSCC/main.py:426: DeprecationWarning: `np.math` is a deprecated alias for the standard library `math` module (Deprecated Numpy 1.25). Replace usages of `np.math` with `math`
  MSSSIM = -10 * np.math.log10(1 - msssim)
2025-09-21 19:01:21,918 - INFO] Time 0.486 | CBR 0.0208 (0.0208) | SNR 1.0 | PSNR 19.708 (19.708) | MSSSIM 0.492 (0.492) | Lr 0.0001
2025-09-21 19:01:22,247 - INFO] Time 0.076 | CBR 0.0208 (0.0208) | SNR 1.0 | PSNR 22.384 (21.046) | MSSSIM 0.701 (0.596) | Lr 0.0001
2025-09-21 19:01:22,394 - INFO] Time 0.074 | CBR 0.0208 (0.0208) | SNR 1.0 | PSNR 21.379 (21.157) | MSSSIM 0.754 (0.649) | Lr 0.0001
2025-09-21 19:01:22,578 - INFO] Time 0.111 | CBR 0.0208 (0.0208) | SNR 1.0 | PSNR 22.310 (21.445) | MSSSIM 0.730 (0.669) | Lr 0.0001
2025-09-21 19:01:22,762 - INFO] Time 0.110 | CBR 0.0208 (0.0208) | SNR 1.0 | PSNR 16.420 (20.440) | MSSSIM 0.348 (0.605) | Lr 0.0001
2025-09-21 19:01:22,907 - INFO] Time 0.073 | CBR 0.0208 (0.0208) | SNR 1.0 | PSNR 21.046 (20.541) | MSSSIM 0.614 (0.606) | Lr 0.0001
2025-09-21 19:01:23,056 - INFO] Time 0.072 | CBR 0.0208 (0.0208) | SNR 1.0 | PSNR 20.613 (20.551) | MSSSIM 0.654 (0.613) | Lr 0.0001
2025-09-21 19:01:23,204 - INFO] Time 0.074 | CBR 0.0208 (0.0208) | SNR 1.0 | PSNR 14.305 (19.771) | MSSSIM 0.363 (0.582) | Lr 0.0001
2025-09-21 19:01:23,388 - INFO] Time 0.111 | CBR 0.0208 (0.0208) | SNR 1.0 | PSNR 22.658 (20.091) | MSSSIM 0.739 (0.599) | Lr 0.0001
2025-09-21 19:01:23,535 - INFO] Time 0.072 | CBR 0.0208 (0.0208) | SNR 1.0 | PSNR 23.194 (20.402) | MSSSIM 0.731 (0.612) | Lr 0.0001
2025-09-21 19:01:23,719 - INFO] Time 0.110 | CBR 0.0208 (0.0208) | SNR 1.0 | PSNR 21.799 (20.529) | MSSSIM 0.647 (0.616) | Lr 0.0001
2025-09-21 19:01:23,865 - INFO] Time 0.072 | CBR 0.0208 (0.0208) | SNR 1.0 | PSNR 21.700 (20.626) | MSSSIM 0.795 (0.631) | Lr 0.0001
2025-09-21 19:01:24,012 - INFO] Time 0.072 | CBR 0.0208 (0.0208) | SNR 1.0 | PSNR 17.857 (20.413) | MSSSIM 0.459 (0.617) | Lr 0.0001
2025-09-21 19:01:24,157 - INFO] Time 0.072 | CBR 0.0208 (0.0208) | SNR 1.0 | PSNR 18.822 (20.300) | MSSSIM 0.506 (0.609) | Lr 0.0001
2025-09-21 19:01:24,306 - INFO] Time 0.075 | CBR 0.0208 (0.0208) | SNR 1.0 | PSNR 21.832 (20.402) | MSSSIM 0.781 (0.621) | Lr 0.0001
2025-09-21 19:01:24,451 - INFO] Time 0.072 | CBR 0.0208 (0.0208) | SNR 1.0 | PSNR 24.680 (20.669) | MSSSIM 0.735 (0.628) | Lr 0.0001
2025-09-21 19:01:24,634 - INFO] Time 0.110 | CBR 0.0208 (0.0208) | SNR 1.0 | PSNR 23.539 (20.838) | MSSSIM 0.720 (0.633) | Lr 0.0001
2025-09-21 19:01:24,780 - INFO] Time 0.072 | CBR 0.0208 (0.0208) | SNR 1.0 | PSNR 19.096 (20.741) | MSSSIM 0.463 (0.624) | Lr 0.0001
2025-09-21 19:01:24,925 - INFO] Time 0.072 | CBR 0.0208 (0.0208) | SNR 1.0 | PSNR 19.639 (20.683) | MSSSIM 0.672 (0.626) | Lr 0.0001
2025-09-21 19:01:25,106 - INFO] Time 0.109 | CBR 0.0208 (0.0208) | SNR 1.0 | PSNR 22.311 (20.765) | MSSSIM 0.814 (0.636) | Lr 0.0001
2025-09-21 19:01:25,249 - INFO] Time 0.071 | CBR 0.0208 (0.0208) | SNR 1.0 | PSNR 21.171 (20.784) | MSSSIM 0.707 (0.639) | Lr 0.0001
2025-09-21 19:01:25,392 - INFO] Time 0.070 | CBR 0.0208 (0.0208) | SNR 1.0 | PSNR 21.184 (20.802) | MSSSIM 0.590 (0.637) | Lr 0.0001
2025-09-21 19:01:25,533 - INFO] Time 0.069 | CBR 0.0208 (0.0208) | SNR 1.0 | PSNR 19.476 (20.744) | MSSSIM 0.702 (0.640) | Lr 0.0001
2025-09-21 19:01:25,678 - INFO] Time 0.070 | CBR 0.0208 (0.0208) | SNR 1.0 | PSNR 20.460 (20.733) | MSSSIM 0.573 (0.637) | Lr 0.0001
2025-09-21 19:01:25,821 - INFO] Time 0.071 | CBR 0.0417 (0.0417) | SNR 1.0 | PSNR 22.898 (22.898) | MSSSIM 0.747 (0.747) | Lr 0.0001
2025-09-21 19:01:25,965 - INFO] Time 0.071 | CBR 0.0417 (0.0417) | SNR 1.0 | PSNR 28.483 (25.690) | MSSSIM 0.849 (0.798) | Lr 0.0001
2025-09-21 19:01:26,107 - INFO] Time 0.071 | CBR 0.0417 (0.0417) | SNR 1.0 | PSNR 29.830 (27.070) | MSSSIM 0.925 (0.840) | Lr 0.0001
2025-09-21 19:01:26,290 - INFO] Time 0.110 | CBR 0.0417 (0.0417) | SNR 1.0 | PSNR 28.318 (27.382) | MSSSIM 0.871 (0.848) | Lr 0.0001
2025-09-21 19:01:26,472 - INFO] Time 0.110 | CBR 0.0417 (0.0417) | SNR 1.0 | PSNR 20.613 (26.028) | MSSSIM 0.714 (0.821) | Lr 0.0001
2025-09-21 19:01:26,616 - INFO] Time 0.071 | CBR 0.0417 (0.0417) | SNR 1.0 | PSNR 24.480 (25.770) | MSSSIM 0.779 (0.814) | Lr 0.0001
2025-09-21 19:01:26,761 - INFO] Time 0.072 | CBR 0.0417 (0.0417) | SNR 1.0 | PSNR 26.599 (25.889) | MSSSIM 0.893 (0.825) | Lr 0.0001
2025-09-21 19:01:26,906 - INFO] Time 0.071 | CBR 0.0417 (0.0417) | SNR 1.0 | PSNR 19.844 (25.133) | MSSSIM 0.779 (0.820) | Lr 0.0001
2025-09-21 19:01:27,084 - INFO] Time 0.106 | CBR 0.0417 (0.0417) | SNR 1.0 | PSNR 27.908 (25.441) | MSSSIM 0.912 (0.830) | Lr 0.0001
2025-09-21 19:01:27,228 - INFO] Time 0.071 | CBR 0.0417 (0.0417) | SNR 1.0 | PSNR 27.562 (25.654) | MSSSIM 0.896 (0.837) | Lr 0.0001
2025-09-21 19:01:27,407 - INFO] Time 0.108 | CBR 0.0417 (0.0417) | SNR 1.0 | PSNR 25.423 (25.633) | MSSSIM 0.830 (0.836) | Lr 0.0001
2025-09-21 19:01:27,550 - INFO] Time 0.071 | CBR 0.0417 (0.0417) | SNR 1.0 | PSNR 29.541 (25.958) | MSSSIM 0.904 (0.842) | Lr 0.0001
2025-09-21 19:01:27,693 - INFO] Time 0.071 | CBR 0.0417 (0.0417) | SNR 1.0 | PSNR 20.399 (25.531) | MSSSIM 0.677 (0.829) | Lr 0.0001
2025-09-21 19:01:27,835 - INFO] Time 0.070 | CBR 0.0417 (0.0417) | SNR 1.0 | PSNR 23.539 (25.388) | MSSSIM 0.769 (0.825) | Lr 0.0001
2025-09-21 19:01:27,978 - INFO] Time 0.071 | CBR 0.0417 (0.0417) | SNR 1.0 | PSNR 28.111 (25.570) | MSSSIM 0.908 (0.830) | Lr 0.0001
2025-09-21 19:01:28,119 - INFO] Time 0.070 | CBR 0.0417 (0.0417) | SNR 1.0 | PSNR 28.140 (25.731) | MSSSIM 0.858 (0.832) | Lr 0.0001
2025-09-21 19:01:28,297 - INFO] Time 0.106 | CBR 0.0417 (0.0417) | SNR 1.0 | PSNR 26.849 (25.796) | MSSSIM 0.882 (0.835) | Lr 0.0001
2025-09-21 19:01:28,439 - INFO] Time 0.071 | CBR 0.0417 (0.0417) | SNR 1.0 | PSNR 23.514 (25.670) | MSSSIM 0.762 (0.831) | Lr 0.0001
2025-09-21 19:01:28,582 - INFO] Time 0.071 | CBR 0.0417 (0.0417) | SNR 1.0 | PSNR 25.717 (25.672) | MSSSIM 0.854 (0.832) | Lr 0.0001
2025-09-21 19:01:28,759 - INFO] Time 0.106 | CBR 0.0417 (0.0417) | SNR 1.0 | PSNR 27.621 (25.769) | MSSSIM 0.923 (0.836) | Lr 0.0001
2025-09-21 19:01:28,902 - INFO] Time 0.071 | CBR 0.0417 (0.0417) | SNR 1.0 | PSNR 24.214 (25.695) | MSSSIM 0.855 (0.837) | Lr 0.0001
2025-09-21 19:01:29,045 - INFO] Time 0.070 | CBR 0.0417 (0.0417) | SNR 1.0 | PSNR 26.117 (25.715) | MSSSIM 0.790 (0.835) | Lr 0.0001
2025-09-21 19:01:29,187 - INFO] Time 0.070 | CBR 0.0417 (0.0417) | SNR 1.0 | PSNR 29.379 (25.874) | MSSSIM 0.921 (0.839) | Lr 0.0001
2025-09-21 19:01:29,331 - INFO] Time 0.071 | CBR 0.0417 (0.0417) | SNR 1.0 | PSNR 22.969 (25.753) | MSSSIM 0.779 (0.836) | Lr 0.0001
2025-09-21 19:01:29,473 - INFO] Time 0.070 | CBR 0.0625 (0.0625) | SNR 1.0 | PSNR 23.342 (23.342) | MSSSIM 0.778 (0.778) | Lr 0.0001
2025-09-21 19:01:29,615 - INFO] Time 0.071 | CBR 0.0625 (0.0625) | SNR 1.0 | PSNR 28.931 (26.137) | MSSSIM 0.865 (0.821) | Lr 0.0001
2025-09-21 19:01:29,757 - INFO] Time 0.071 | CBR 0.0625 (0.0625) | SNR 1.0 | PSNR 30.475 (27.583) | MSSSIM 0.936 (0.860) | Lr 0.0001
2025-09-21 19:01:29,937 - INFO] Time 0.108 | CBR 0.0625 (0.0625) | SNR 1.0 | PSNR 28.790 (27.885) | MSSSIM 0.889 (0.867) | Lr 0.0001
2025-09-21 19:01:30,116 - INFO] Time 0.106 | CBR 0.0625 (0.0625) | SNR 1.0 | PSNR 21.677 (26.643) | MSSSIM 0.774 (0.848) | Lr 0.0001
2025-09-21 19:01:30,258 - INFO] Time 0.071 | CBR 0.0625 (0.0625) | SNR 1.0 | PSNR 25.021 (26.373) | MSSSIM 0.809 (0.842) | Lr 0.0001
2025-09-21 19:01:30,403 - INFO] Time 0.072 | CBR 0.0625 (0.0625) | SNR 1.0 | PSNR 27.338 (26.511) | MSSSIM 0.912 (0.852) | Lr 0.0001
2025-09-21 19:01:30,548 - INFO] Time 0.071 | CBR 0.0625 (0.0625) | SNR 1.0 | PSNR 20.414 (25.749) | MSSSIM 0.809 (0.846) | Lr 0.0001
2025-09-21 19:01:30,738 - INFO] Time 0.113 | CBR 0.0625 (0.0625) | SNR 1.0 | PSNR 28.064 (26.006) | MSSSIM 0.915 (0.854) | Lr 0.0001
2025-09-21 19:01:30,890 - INFO] Time 0.075 | CBR 0.0625 (0.0625) | SNR 1.0 | PSNR 28.152 (26.220) | MSSSIM 0.911 (0.860) | Lr 0.0001
2025-09-21 19:01:31,079 - INFO] Time 0.113 | CBR 0.0625 (0.0625) | SNR 1.0 | PSNR 25.985 (26.199) | MSSSIM 0.854 (0.859) | Lr 0.0001
2025-09-21 19:01:31,232 - INFO] Time 0.076 | CBR 0.0625 (0.0625) | SNR 1.0 | PSNR 30.034 (26.519) | MSSSIM 0.915 (0.864) | Lr 0.0001
2025-09-21 19:01:31,385 - INFO] Time 0.076 | CBR 0.0625 (0.0625) | SNR 1.0 | PSNR 20.827 (26.081) | MSSSIM 0.711 (0.852) | Lr 0.0001
2025-09-21 19:01:31,537 - INFO] Time 0.075 | CBR 0.0625 (0.0625) | SNR 1.0 | PSNR 24.120 (25.941) | MSSSIM 0.799 (0.848) | Lr 0.0001
2025-09-21 19:01:31,689 - INFO] Time 0.076 | CBR 0.0625 (0.0625) | SNR 1.0 | PSNR 28.545 (26.114) | MSSSIM 0.917 (0.853) | Lr 0.0001
2025-09-21 19:01:31,838 - INFO] Time 0.074 | CBR 0.0625 (0.0625) | SNR 1.0 | PSNR 28.721 (26.277) | MSSSIM 0.877 (0.854) | Lr 0.0001
2025-09-21 19:01:32,029 - INFO] Time 0.114 | CBR 0.0625 (0.0625) | SNR 1.0 | PSNR 27.887 (26.372) | MSSSIM 0.901 (0.857) | Lr 0.0001
2025-09-21 19:01:32,179 - INFO] Time 0.075 | CBR 0.0625 (0.0625) | SNR 1.0 | PSNR 24.050 (26.243) | MSSSIM 0.795 (0.854) | Lr 0.0001
2025-09-21 19:01:32,331 - INFO] Time 0.077 | CBR 0.0625 (0.0625) | SNR 1.0 | PSNR 26.246 (26.243) | MSSSIM 0.873 (0.855) | Lr 0.0001
2025-09-21 19:01:32,519 - INFO] Time 0.112 | CBR 0.0625 (0.0625) | SNR 1.0 | PSNR 28.112 (26.337) | MSSSIM 0.931 (0.858) | Lr 0.0001
2025-09-21 19:01:32,670 - INFO] Time 0.075 | CBR 0.0625 (0.0625) | SNR 1.0 | PSNR 24.798 (26.263) | MSSSIM 0.874 (0.859) | Lr 0.0001
2025-09-21 19:01:32,822 - INFO] Time 0.075 | CBR 0.0625 (0.0625) | SNR 1.0 | PSNR 26.387 (26.269) | MSSSIM 0.812 (0.857) | Lr 0.0001
2025-09-21 19:01:32,972 - INFO] Time 0.074 | CBR 0.0625 (0.0625) | SNR 1.0 | PSNR 29.893 (26.427) | MSSSIM 0.932 (0.860) | Lr 0.0001
2025-09-21 19:01:33,124 - INFO] Time 0.075 | CBR 0.0625 (0.0625) | SNR 1.0 | PSNR 23.580 (26.308) | MSSSIM 0.807 (0.858) | Lr 0.0001
2025-09-21 19:01:33,274 - INFO] Time 0.074 | CBR 0.0833 (0.0833) | SNR 1.0 | PSNR 24.656 (24.656) | MSSSIM 0.837 (0.837) | Lr 0.0001
2025-09-21 19:01:33,425 - INFO] Time 0.075 | CBR 0.0833 (0.0833) | SNR 1.0 | PSNR 30.641 (27.648) | MSSSIM 0.899 (0.868) | Lr 0.0001
2025-09-21 19:01:33,574 - INFO] Time 0.074 | CBR 0.0833 (0.0833) | SNR 1.0 | PSNR 32.447 (29.248) | MSSSIM 0.953 (0.896) | Lr 0.0001
2025-09-21 19:01:33,766 - INFO] Time 0.115 | CBR 0.0833 (0.0833) | SNR 1.0 | PSNR 30.243 (29.497) | MSSSIM 0.921 (0.902) | Lr 0.0001
2025-09-21 19:01:33,955 - INFO] Time 0.112 | CBR 0.0833 (0.0833) | SNR 1.0 | PSNR 22.960 (28.189) | MSSSIM 0.822 (0.886) | Lr 0.0001
2025-09-21 19:01:34,106 - INFO] Time 0.075 | CBR 0.0833 (0.0833) | SNR 1.0 | PSNR 26.695 (27.940) | MSSSIM 0.857 (0.881) | Lr 0.0001
2025-09-21 19:01:34,259 - INFO] Time 0.075 | CBR 0.0833 (0.0833) | SNR 1.0 | PSNR 28.981 (28.089) | MSSSIM 0.935 (0.889) | Lr 0.0001
2025-09-21 19:01:34,412 - INFO] Time 0.075 | CBR 0.0833 (0.0833) | SNR 1.0 | PSNR 22.314 (27.367) | MSSSIM 0.864 (0.886) | Lr 0.0001
2025-09-21 19:01:34,601 - INFO] Time 0.113 | CBR 0.0833 (0.0833) | SNR 1.0 | PSNR 29.914 (27.650) | MSSSIM 0.942 (0.892) | Lr 0.0001
2025-09-21 19:01:34,753 - INFO] Time 0.076 | CBR 0.0833 (0.0833) | SNR 1.0 | PSNR 29.966 (27.882) | MSSSIM 0.936 (0.897) | Lr 0.0001
2025-09-21 19:01:34,943 - INFO] Time 0.114 | CBR 0.0833 (0.0833) | SNR 1.0 | PSNR 27.584 (27.855) | MSSSIM 0.891 (0.896) | Lr 0.0001
2025-09-21 19:01:35,094 - INFO] Time 0.075 | CBR 0.0833 (0.0833) | SNR 1.0 | PSNR 31.563 (28.164) | MSSSIM 0.935 (0.899) | Lr 0.0001
2025-09-21 19:01:35,247 - INFO] Time 0.077 | CBR 0.0833 (0.0833) | SNR 1.0 | PSNR 22.038 (27.692) | MSSSIM 0.767 (0.889) | Lr 0.0001
2025-09-21 19:01:35,397 - INFO] Time 0.074 | CBR 0.0833 (0.0833) | SNR 1.0 | PSNR 25.596 (27.543) | MSSSIM 0.848 (0.886) | Lr 0.0001
2025-09-21 19:01:35,549 - INFO] Time 0.075 | CBR 0.0833 (0.0833) | SNR 1.0 | PSNR 30.472 (27.738) | MSSSIM 0.940 (0.890) | Lr 0.0001
2025-09-21 19:01:35,697 - INFO] Time 0.073 | CBR 0.0833 (0.0833) | SNR 1.0 | PSNR 30.240 (27.894) | MSSSIM 0.906 (0.891) | Lr 0.0001
2025-09-21 19:01:35,887 - INFO] Time 0.114 | CBR 0.0833 (0.0833) | SNR 1.0 | PSNR 29.606 (27.995) | MSSSIM 0.928 (0.893) | Lr 0.0001
2025-09-21 19:01:36,039 - INFO] Time 0.075 | CBR 0.0833 (0.0833) | SNR 1.0 | PSNR 25.491 (27.856) | MSSSIM 0.845 (0.890) | Lr 0.0001
2025-09-21 19:01:36,192 - INFO] Time 0.076 | CBR 0.0833 (0.0833) | SNR 1.0 | PSNR 27.751 (27.850) | MSSSIM 0.902 (0.891) | Lr 0.0001
2025-09-21 19:01:36,387 - INFO] Time 0.118 | CBR 0.0833 (0.0833) | SNR 1.0 | PSNR 29.872 (27.952) | MSSSIM 0.948 (0.894) | Lr 0.0001
2025-09-21 19:01:36,538 - INFO] Time 0.075 | CBR 0.0833 (0.0833) | SNR 1.0 | PSNR 26.474 (27.881) | MSSSIM 0.908 (0.894) | Lr 0.0001
2025-09-21 19:01:36,689 - INFO] Time 0.075 | CBR 0.0833 (0.0833) | SNR 1.0 | PSNR 27.810 (27.878) | MSSSIM 0.860 (0.893) | Lr 0.0001
2025-09-21 19:01:36,840 - INFO] Time 0.074 | CBR 0.0833 (0.0833) | SNR 1.0 | PSNR 31.867 (28.051) | MSSSIM 0.950 (0.895) | Lr 0.0001
2025-09-21 19:01:36,993 - INFO] Time 0.076 | CBR 0.0833 (0.0833) | SNR 1.0 | PSNR 25.292 (27.936) | MSSSIM 0.858 (0.894) | Lr 0.0001
2025-09-21 19:01:37,143 - INFO] Time 0.075 | CBR 0.1250 (0.1250) | SNR 1.0 | PSNR 27.718 (27.718) | MSSSIM 0.935 (0.935) | Lr 0.0001
2025-09-21 19:01:37,294 - INFO] Time 0.075 | CBR 0.1250 (0.1250) | SNR 1.0 | PSNR 33.417 (30.568) | MSSSIM 0.943 (0.939) | Lr 0.0001
2025-09-21 19:01:37,444 - INFO] Time 0.074 | CBR 0.1250 (0.1250) | SNR 1.0 | PSNR 35.697 (32.277) | MSSSIM 0.975 (0.951) | Lr 0.0001
2025-09-21 19:01:37,635 - INFO] Time 0.114 | CBR 0.1250 (0.1250) | SNR 1.0 | PSNR 33.386 (32.555) | MSSSIM 0.958 (0.953) | Lr 0.0001
2025-09-21 19:01:37,829 - INFO] Time 0.115 | CBR 0.1250 (0.1250) | SNR 1.0 | PSNR 26.818 (31.407) | MSSSIM 0.934 (0.949) | Lr 0.0001
2025-09-21 19:01:37,981 - INFO] Time 0.076 | CBR 0.1250 (0.1250) | SNR 1.0 | PSNR 29.728 (31.127) | MSSSIM 0.936 (0.947) | Lr 0.0001
2025-09-21 19:01:38,134 - INFO] Time 0.075 | CBR 0.1250 (0.1250) | SNR 1.0 | PSNR 33.856 (31.517) | MSSSIM 0.979 (0.951) | Lr 0.0001
2025-09-21 19:01:38,289 - INFO] Time 0.078 | CBR 0.1250 (0.1250) | SNR 1.0 | PSNR 26.251 (30.859) | MSSSIM 0.946 (0.951) | Lr 0.0001
2025-09-21 19:01:38,482 - INFO] Time 0.116 | CBR 0.1250 (0.1250) | SNR 1.0 | PSNR 34.599 (31.275) | MSSSIM 0.975 (0.953) | Lr 0.0001
2025-09-21 19:01:38,636 - INFO] Time 0.076 | CBR 0.1250 (0.1250) | SNR 1.0 | PSNR 34.524 (31.599) | MSSSIM 0.971 (0.955) | Lr 0.0001
2025-09-21 19:01:38,826 - INFO] Time 0.114 | CBR 0.1250 (0.1250) | SNR 1.0 | PSNR 30.851 (31.531) | MSSSIM 0.945 (0.954) | Lr 0.0001
2025-09-21 19:01:38,978 - INFO] Time 0.077 | CBR 0.1250 (0.1250) | SNR 1.0 | PSNR 34.782 (31.802) | MSSSIM 0.961 (0.955) | Lr 0.0001
2025-09-21 19:01:39,130 - INFO] Time 0.075 | CBR 0.1250 (0.1250) | SNR 1.0 | PSNR 24.397 (31.233) | MSSSIM 0.881 (0.949) | Lr 0.0001
2025-09-21 19:01:39,279 - INFO] Time 0.074 | CBR 0.1250 (0.1250) | SNR 1.0 | PSNR 28.796 (31.059) | MSSSIM 0.932 (0.948) | Lr 0.0001
2025-09-21 19:01:39,430 - INFO] Time 0.074 | CBR 0.1250 (0.1250) | SNR 1.0 | PSNR 33.464 (31.219) | MSSSIM 0.965 (0.949) | Lr 0.0001
2025-09-21 19:01:39,581 - INFO] Time 0.076 | CBR 0.1250 (0.1250) | SNR 1.0 | PSNR 33.231 (31.345) | MSSSIM 0.957 (0.950) | Lr 0.0001
2025-09-21 19:01:39,771 - INFO] Time 0.114 | CBR 0.1250 (0.1250) | SNR 1.0 | PSNR 33.334 (31.462) | MSSSIM 0.967 (0.951) | Lr 0.0001
2025-09-21 19:01:39,923 - INFO] Time 0.075 | CBR 0.1250 (0.1250) | SNR 1.0 | PSNR 28.370 (31.290) | MSSSIM 0.928 (0.949) | Lr 0.0001
2025-09-21 19:01:40,075 - INFO] Time 0.076 | CBR 0.1250 (0.1250) | SNR 1.0 | PSNR 31.733 (31.313) | MSSSIM 0.953 (0.949) | Lr 0.0001
2025-09-21 19:01:40,265 - INFO] Time 0.114 | CBR 0.1250 (0.1250) | SNR 1.0 | PSNR 34.088 (31.452) | MSSSIM 0.975 (0.951) | Lr 0.0001
2025-09-21 19:01:40,417 - INFO] Time 0.075 | CBR 0.1250 (0.1250) | SNR 1.0 | PSNR 30.097 (31.387) | MSSSIM 0.957 (0.951) | Lr 0.0001
2025-09-21 19:01:40,570 - INFO] Time 0.076 | CBR 0.1250 (0.1250) | SNR 1.0 | PSNR 30.908 (31.366) | MSSSIM 0.934 (0.950) | Lr 0.0001
2025-09-21 19:01:40,721 - INFO] Time 0.075 | CBR 0.1250 (0.1250) | SNR 1.0 | PSNR 35.485 (31.545) | MSSSIM 0.973 (0.951) | Lr 0.0001
2025-09-21 19:01:40,874 - INFO] Time 0.076 | CBR 0.1250 (0.1250) | SNR 1.0 | PSNR 28.371 (31.413) | MSSSIM 0.942 (0.951) | Lr 0.0001
2025-09-21 19:01:41,025 - INFO] Time 0.075 | CBR 0.0208 (0.0208) | SNR 4.0 | PSNR 19.916 (19.916) | MSSSIM 0.534 (0.534) | Lr 0.0001
2025-09-21 19:01:41,178 - INFO] Time 0.075 | CBR 0.0208 (0.0208) | SNR 4.0 | PSNR 22.583 (21.249) | MSSSIM 0.720 (0.627) | Lr 0.0001
2025-09-21 19:01:41,333 - INFO] Time 0.079 | CBR 0.0208 (0.0208) | SNR 4.0 | PSNR 21.474 (21.324) | MSSSIM 0.770 (0.675) | Lr 0.0001
2025-09-21 19:01:41,532 - INFO] Time 0.118 | CBR 0.0208 (0.0208) | SNR 4.0 | PSNR 22.506 (21.620) | MSSSIM 0.750 (0.693) | Lr 0.0001
2025-09-21 19:01:41,729 - INFO] Time 0.117 | CBR 0.0208 (0.0208) | SNR 4.0 | PSNR 17.060 (20.708) | MSSSIM 0.419 (0.639) | Lr 0.0001
2025-09-21 19:01:41,886 - INFO] Time 0.078 | CBR 0.0208 (0.0208) | SNR 4.0 | PSNR 21.214 (20.792) | MSSSIM 0.637 (0.638) | Lr 0.0001
2025-09-21 19:01:42,045 - INFO] Time 0.078 | CBR 0.0208 (0.0208) | SNR 4.0 | PSNR 20.557 (20.758) | MSSSIM 0.662 (0.642) | Lr 0.0001
2025-09-21 19:01:42,204 - INFO] Time 0.079 | CBR 0.0208 (0.0208) | SNR 4.0 | PSNR 14.090 (19.925) | MSSSIM 0.392 (0.611) | Lr 0.0001
2025-09-21 19:01:42,401 - INFO] Time 0.117 | CBR 0.0208 (0.0208) | SNR 4.0 | PSNR 23.044 (20.271) | MSSSIM 0.770 (0.628) | Lr 0.0001
2025-09-21 19:01:42,561 - INFO] Time 0.078 | CBR 0.0208 (0.0208) | SNR 4.0 | PSNR 23.694 (20.614) | MSSSIM 0.759 (0.641) | Lr 0.0001
2025-09-21 19:01:42,756 - INFO] Time 0.117 | CBR 0.0208 (0.0208) | SNR 4.0 | PSNR 22.075 (20.747) | MSSSIM 0.686 (0.645) | Lr 0.0001
2025-09-21 19:01:42,912 - INFO] Time 0.078 | CBR 0.0208 (0.0208) | SNR 4.0 | PSNR 21.088 (20.775) | MSSSIM 0.808 (0.659) | Lr 0.0001
2025-09-21 19:01:43,070 - INFO] Time 0.078 | CBR 0.0208 (0.0208) | SNR 4.0 | PSNR 18.580 (20.606) | MSSSIM 0.512 (0.648) | Lr 0.0001
2025-09-21 19:01:43,226 - INFO] Time 0.078 | CBR 0.0208 (0.0208) | SNR 4.0 | PSNR 19.794 (20.548) | MSSSIM 0.566 (0.642) | Lr 0.0001
2025-09-21 19:01:43,385 - INFO] Time 0.079 | CBR 0.0208 (0.0208) | SNR 4.0 | PSNR 22.024 (20.647) | MSSSIM 0.805 (0.653) | Lr 0.0001
2025-09-21 19:01:43,541 - INFO] Time 0.078 | CBR 0.0208 (0.0208) | SNR 4.0 | PSNR 24.798 (20.906) | MSSSIM 0.748 (0.659) | Lr 0.0001
2025-09-21 19:01:43,738 - INFO] Time 0.118 | CBR 0.0208 (0.0208) | SNR 4.0 | PSNR 24.057 (21.091) | MSSSIM 0.760 (0.665) | Lr 0.0001
2025-09-21 19:01:43,895 - INFO] Time 0.078 | CBR 0.0208 (0.0208) | SNR 4.0 | PSNR 20.084 (21.035) | MSSSIM 0.526 (0.657) | Lr 0.0001
2025-09-21 19:01:44,052 - INFO] Time 0.078 | CBR 0.0208 (0.0208) | SNR 4.0 | PSNR 20.157 (20.989) | MSSSIM 0.690 (0.659) | Lr 0.0001
2025-09-21 19:01:44,248 - INFO] Time 0.117 | CBR 0.0208 (0.0208) | SNR 4.0 | PSNR 21.942 (21.037) | MSSSIM 0.805 (0.666) | Lr 0.0001
2025-09-21 19:01:44,406 - INFO] Time 0.078 | CBR 0.0208 (0.0208) | SNR 4.0 | PSNR 21.502 (21.059) | MSSSIM 0.729 (0.669) | Lr 0.0001
2025-09-21 19:01:44,564 - INFO] Time 0.078 | CBR 0.0208 (0.0208) | SNR 4.0 | PSNR 21.994 (21.101) | MSSSIM 0.631 (0.667) | Lr 0.0001
2025-09-21 19:01:44,721 - INFO] Time 0.078 | CBR 0.0208 (0.0208) | SNR 4.0 | PSNR 16.232 (20.890) | MSSSIM 0.660 (0.667) | Lr 0.0001
2025-09-21 19:01:44,879 - INFO] Time 0.078 | CBR 0.0208 (0.0208) | SNR 4.0 | PSNR 20.752 (20.884) | MSSSIM 0.615 (0.665) | Lr 0.0001
2025-09-21 19:01:45,037 - INFO] Time 0.079 | CBR 0.0417 (0.0417) | SNR 4.0 | PSNR 23.470 (23.470) | MSSSIM 0.794 (0.794) | Lr 0.0001
2025-09-21 19:01:45,195 - INFO] Time 0.078 | CBR 0.0417 (0.0417) | SNR 4.0 | PSNR 28.957 (26.213) | MSSSIM 0.870 (0.832) | Lr 0.0001
2025-09-21 19:01:45,352 - INFO] Time 0.079 | CBR 0.0417 (0.0417) | SNR 4.0 | PSNR 30.538 (27.655) | MSSSIM 0.938 (0.868) | Lr 0.0001
2025-09-21 19:01:45,552 - INFO] Time 0.119 | CBR 0.0417 (0.0417) | SNR 4.0 | PSNR 28.870 (27.959) | MSSSIM 0.896 (0.875) | Lr 0.0001
2025-09-21 19:01:45,748 - INFO] Time 0.116 | CBR 0.0417 (0.0417) | SNR 4.0 | PSNR 21.720 (26.711) | MSSSIM 0.784 (0.857) | Lr 0.0001
2025-09-21 19:01:45,905 - INFO] Time 0.078 | CBR 0.0417 (0.0417) | SNR 4.0 | PSNR 25.024 (26.430) | MSSSIM 0.818 (0.850) | Lr 0.0001
2025-09-21 19:01:46,065 - INFO] Time 0.078 | CBR 0.0417 (0.0417) | SNR 4.0 | PSNR 27.426 (26.572) | MSSSIM 0.915 (0.859) | Lr 0.0001
2025-09-21 19:01:46,224 - INFO] Time 0.078 | CBR 0.0417 (0.0417) | SNR 4.0 | PSNR 20.764 (25.846) | MSSSIM 0.826 (0.855) | Lr 0.0001
2025-09-21 19:01:48,086 - INFO] Time 0.116 | CBR 0.0417 (0.0417) | SNR 4.0 | PSNR 28.212 (26.109) | MSSSIM 0.922 (0.863) | Lr 0.0001
2025-09-21 19:01:48,244 - INFO] Time 0.079 | CBR 0.0417 (0.0417) | SNR 4.0 | PSNR 28.287 (26.327) | MSSSIM 0.914 (0.868) | Lr 0.0001
2025-09-21 19:01:48,436 - INFO] Time 0.115 | CBR 0.0417 (0.0417) | SNR 4.0 | PSNR 25.974 (26.295) | MSSSIM 0.859 (0.867) | Lr 0.0001
2025-09-21 19:01:48,585 - INFO] Time 0.074 | CBR 0.0417 (0.0417) | SNR 4.0 | PSNR 29.945 (26.599) | MSSSIM 0.918 (0.871) | Lr 0.0001
2025-09-21 19:01:48,737 - INFO] Time 0.075 | CBR 0.0417 (0.0417) | SNR 4.0 | PSNR 20.857 (26.157) | MSSSIM 0.728 (0.860) | Lr 0.0001
2025-09-21 19:01:48,888 - INFO] Time 0.074 | CBR 0.0417 (0.0417) | SNR 4.0 | PSNR 24.244 (26.021) | MSSSIM 0.813 (0.857) | Lr 0.0001
2025-09-21 19:01:49,041 - INFO] Time 0.075 | CBR 0.0417 (0.0417) | SNR 4.0 | PSNR 28.631 (26.195) | MSSSIM 0.924 (0.861) | Lr 0.0001
2025-09-21 19:01:49,192 - INFO] Time 0.075 | CBR 0.0417 (0.0417) | SNR 4.0 | PSNR 28.618 (26.346) | MSSSIM 0.877 (0.862) | Lr 0.0001
2025-09-21 19:01:49,382 - INFO] Time 0.115 | CBR 0.0417 (0.0417) | SNR 4.0 | PSNR 27.768 (26.430) | MSSSIM 0.904 (0.865) | Lr 0.0001
2025-09-21 19:01:49,535 - INFO] Time 0.076 | CBR 0.0417 (0.0417) | SNR 4.0 | PSNR 24.134 (26.302) | MSSSIM 0.812 (0.862) | Lr 0.0001
2025-09-21 19:01:49,689 - INFO] Time 0.077 | CBR 0.0417 (0.0417) | SNR 4.0 | PSNR 26.391 (26.307) | MSSSIM 0.884 (0.863) | Lr 0.0001
2025-09-21 19:01:49,879 - INFO] Time 0.114 | CBR 0.0417 (0.0417) | SNR 4.0 | PSNR 28.064 (26.395) | MSSSIM 0.932 (0.866) | Lr 0.0001
2025-09-21 19:01:50,032 - INFO] Time 0.077 | CBR 0.0417 (0.0417) | SNR 4.0 | PSNR 24.625 (26.311) | MSSSIM 0.878 (0.867) | Lr 0.0001
2025-09-21 19:01:50,186 - INFO] Time 0.077 | CBR 0.0417 (0.0417) | SNR 4.0 | PSNR 26.507 (26.319) | MSSSIM 0.822 (0.865) | Lr 0.0001
2025-09-21 19:01:50,336 - INFO] Time 0.074 | CBR 0.0417 (0.0417) | SNR 4.0 | PSNR 29.983 (26.479) | MSSSIM 0.936 (0.868) | Lr 0.0001
2025-09-21 19:01:50,489 - INFO] Time 0.075 | CBR 0.0417 (0.0417) | SNR 4.0 | PSNR 23.556 (26.357) | MSSSIM 0.825 (0.866) | Lr 0.0001
2025-09-21 19:01:50,639 - INFO] Time 0.074 | CBR 0.0625 (0.0625) | SNR 4.0 | PSNR 23.912 (23.912) | MSSSIM 0.820 (0.820) | Lr 0.0001
2025-09-21 19:01:50,790 - INFO] Time 0.075 | CBR 0.0625 (0.0625) | SNR 4.0 | PSNR 29.325 (26.619) | MSSSIM 0.882 (0.851) | Lr 0.0001
2025-09-21 19:01:50,937 - INFO] Time 0.073 | CBR 0.0625 (0.0625) | SNR 4.0 | PSNR 31.077 (28.105) | MSSSIM 0.946 (0.883) | Lr 0.0001
2025-09-21 19:01:51,124 - INFO] Time 0.112 | CBR 0.0625 (0.0625) | SNR 4.0 | PSNR 29.360 (28.419) | MSSSIM 0.908 (0.889) | Lr 0.0001
2025-09-21 19:01:51,313 - INFO] Time 0.113 | CBR 0.0625 (0.0625) | SNR 4.0 | PSNR 22.474 (27.230) | MSSSIM 0.826 (0.876) | Lr 0.0001
2025-09-21 19:01:51,460 - INFO] Time 0.073 | CBR 0.0625 (0.0625) | SNR 4.0 | PSNR 25.553 (26.950) | MSSSIM 0.842 (0.871) | Lr 0.0001
2025-09-21 19:01:51,610 - INFO] Time 0.074 | CBR 0.0625 (0.0625) | SNR 4.0 | PSNR 27.975 (27.097) | MSSSIM 0.927 (0.879) | Lr 0.0001
2025-09-21 19:01:51,760 - INFO] Time 0.074 | CBR 0.0625 (0.0625) | SNR 4.0 | PSNR 21.298 (26.372) | MSSSIM 0.852 (0.875) | Lr 0.0001
2025-09-21 19:01:51,947 - INFO] Time 0.111 | CBR 0.0625 (0.0625) | SNR 4.0 | PSNR 28.773 (26.639) | MSSSIM 0.934 (0.882) | Lr 0.0001
2025-09-21 19:01:52,096 - INFO] Time 0.074 | CBR 0.0625 (0.0625) | SNR 4.0 | PSNR 28.590 (26.834) | MSSSIM 0.923 (0.886) | Lr 0.0001
2025-09-21 19:01:52,282 - INFO] Time 0.111 | CBR 0.0625 (0.0625) | SNR 4.0 | PSNR 26.428 (26.797) | MSSSIM 0.873 (0.885) | Lr 0.0001
2025-09-21 19:01:52,430 - INFO] Time 0.075 | CBR 0.0625 (0.0625) | SNR 4.0 | PSNR 30.322 (27.091) | MSSSIM 0.926 (0.888) | Lr 0.0001
2025-09-21 19:01:52,581 - INFO] Time 0.075 | CBR 0.0625 (0.0625) | SNR 4.0 | PSNR 21.370 (26.651) | MSSSIM 0.763 (0.878) | Lr 0.0001
2025-09-21 19:01:52,728 - INFO] Time 0.073 | CBR 0.0625 (0.0625) | SNR 4.0 | PSNR 24.872 (26.524) | MSSSIM 0.846 (0.876) | Lr 0.0001
2025-09-21 19:01:52,875 - INFO] Time 0.073 | CBR 0.0625 (0.0625) | SNR 4.0 | PSNR 29.177 (26.701) | MSSSIM 0.931 (0.880) | Lr 0.0001
2025-09-21 19:01:53,023 - INFO] Time 0.074 | CBR 0.0625 (0.0625) | SNR 4.0 | PSNR 29.077 (26.849) | MSSSIM 0.894 (0.881) | Lr 0.0001
2025-09-21 19:01:53,210 - INFO] Time 0.112 | CBR 0.0625 (0.0625) | SNR 4.0 | PSNR 28.433 (26.942) | MSSSIM 0.919 (0.883) | Lr 0.0001
2025-09-21 19:01:53,359 - INFO] Time 0.075 | CBR 0.0625 (0.0625) | SNR 4.0 | PSNR 24.727 (26.819) | MSSSIM 0.837 (0.880) | Lr 0.0001
2025-09-21 19:01:53,508 - INFO] Time 0.074 | CBR 0.0625 (0.0625) | SNR 4.0 | PSNR 26.756 (26.816) | MSSSIM 0.895 (0.881) | Lr 0.0001
2025-09-21 19:01:53,695 - INFO] Time 0.113 | CBR 0.0625 (0.0625) | SNR 4.0 | PSNR 28.383 (26.894) | MSSSIM 0.939 (0.884) | Lr 0.0001
2025-09-21 19:01:53,843 - INFO] Time 0.074 | CBR 0.0625 (0.0625) | SNR 4.0 | PSNR 25.264 (26.817) | MSSSIM 0.894 (0.884) | Lr 0.0001
2025-09-21 19:01:53,993 - INFO] Time 0.074 | CBR 0.0625 (0.0625) | SNR 4.0 | PSNR 27.011 (26.825) | MSSSIM 0.846 (0.883) | Lr 0.0001
2025-09-21 19:01:54,140 - INFO] Time 0.073 | CBR 0.0625 (0.0625) | SNR 4.0 | PSNR 30.507 (26.985) | MSSSIM 0.943 (0.885) | Lr 0.0001
2025-09-21 19:01:54,288 - INFO] Time 0.073 | CBR 0.0625 (0.0625) | SNR 4.0 | PSNR 24.176 (26.868) | MSSSIM 0.850 (0.884) | Lr 0.0001
2025-09-21 19:01:54,435 - INFO] Time 0.075 | CBR 0.0833 (0.0833) | SNR 4.0 | PSNR 25.529 (25.529) | MSSSIM 0.875 (0.875) | Lr 0.0001
2025-09-21 19:01:54,583 - INFO] Time 0.073 | CBR 0.0833 (0.0833) | SNR 4.0 | PSNR 31.585 (28.557) | MSSSIM 0.922 (0.898) | Lr 0.0001
2025-09-21 19:01:54,730 - INFO] Time 0.073 | CBR 0.0833 (0.0833) | SNR 4.0 | PSNR 33.471 (30.195) | MSSSIM 0.964 (0.920) | Lr 0.0001
2025-09-21 19:01:54,916 - INFO] Time 0.111 | CBR 0.0833 (0.0833) | SNR 4.0 | PSNR 31.346 (30.482) | MSSSIM 0.941 (0.925) | Lr 0.0001
2025-09-21 19:01:55,104 - INFO] Time 0.113 | CBR 0.0833 (0.0833) | SNR 4.0 | PSNR 24.667 (29.319) | MSSSIM 0.883 (0.917) | Lr 0.0001
2025-09-21 19:01:55,252 - INFO] Time 0.073 | CBR 0.0833 (0.0833) | SNR 4.0 | PSNR 27.544 (29.023) | MSSSIM 0.892 (0.913) | Lr 0.0001
2025-09-21 19:01:55,404 - INFO] Time 0.076 | CBR 0.0833 (0.0833) | SNR 4.0 | PSNR 29.806 (29.135) | MSSSIM 0.947 (0.918) | Lr 0.0001
2025-09-21 19:01:55,554 - INFO] Time 0.074 | CBR 0.0833 (0.0833) | SNR 4.0 | PSNR 23.505 (28.431) | MSSSIM 0.904 (0.916) | Lr 0.0001
2025-09-21 19:01:55,741 - INFO] Time 0.111 | CBR 0.0833 (0.0833) | SNR 4.0 | PSNR 30.592 (28.671) | MSSSIM 0.955 (0.920) | Lr 0.0001
2025-09-21 19:01:55,892 - INFO] Time 0.074 | CBR 0.0833 (0.0833) | SNR 4.0 | PSNR 30.795 (28.884) | MSSSIM 0.951 (0.923) | Lr 0.0001
2025-09-21 19:01:56,076 - INFO] Time 0.110 | CBR 0.0833 (0.0833) | SNR 4.0 | PSNR 28.528 (28.851) | MSSSIM 0.916 (0.923) | Lr 0.0001
2025-09-21 19:01:56,224 - INFO] Time 0.074 | CBR 0.0833 (0.0833) | SNR 4.0 | PSNR 32.328 (29.141) | MSSSIM 0.949 (0.925) | Lr 0.0001
2025-09-21 19:01:56,372 - INFO] Time 0.074 | CBR 0.0833 (0.0833) | SNR 4.0 | PSNR 23.053 (28.673) | MSSSIM 0.828 (0.917) | Lr 0.0001
2025-09-21 19:01:56,520 - INFO] Time 0.074 | CBR 0.0833 (0.0833) | SNR 4.0 | PSNR 26.815 (28.540) | MSSSIM 0.892 (0.916) | Lr 0.0001
2025-09-21 19:01:56,670 - INFO] Time 0.074 | CBR 0.0833 (0.0833) | SNR 4.0 | PSNR 31.379 (28.729) | MSSSIM 0.953 (0.918) | Lr 0.0001
2025-09-21 19:01:56,817 - INFO] Time 0.073 | CBR 0.0833 (0.0833) | SNR 4.0 | PSNR 31.333 (28.892) | MSSSIM 0.929 (0.919) | Lr 0.0001
2025-09-21 19:01:57,001 - INFO] Time 0.110 | CBR 0.0833 (0.0833) | SNR 4.0 | PSNR 30.370 (28.979) | MSSSIM 0.945 (0.920) | Lr 0.0001
2025-09-21 19:01:57,149 - INFO] Time 0.074 | CBR 0.0833 (0.0833) | SNR 4.0 | PSNR 26.547 (28.844) | MSSSIM 0.889 (0.919) | Lr 0.0001
2025-09-21 19:01:57,297 - INFO] Time 0.074 | CBR 0.0833 (0.0833) | SNR 4.0 | PSNR 28.566 (28.829) | MSSSIM 0.926 (0.919) | Lr 0.0001
2025-09-21 19:01:57,482 - INFO] Time 0.111 | CBR 0.0833 (0.0833) | SNR 4.0 | PSNR 30.420 (28.909) | MSSSIM 0.958 (0.921) | Lr 0.0001
2025-09-21 19:01:57,630 - INFO] Time 0.074 | CBR 0.0833 (0.0833) | SNR 4.0 | PSNR 27.232 (28.829) | MSSSIM 0.928 (0.921) | Lr 0.0001
2025-09-21 19:01:57,779 - INFO] Time 0.074 | CBR 0.0833 (0.0833) | SNR 4.0 | PSNR 28.649 (28.821) | MSSSIM 0.892 (0.920) | Lr 0.0001
2025-09-21 19:01:57,927 - INFO] Time 0.073 | CBR 0.0833 (0.0833) | SNR 4.0 | PSNR 32.672 (28.988) | MSSSIM 0.962 (0.922) | Lr 0.0001
2025-09-21 19:01:58,076 - INFO] Time 0.074 | CBR 0.0833 (0.0833) | SNR 4.0 | PSNR 26.493 (28.884) | MSSSIM 0.905 (0.921) | Lr 0.0001
2025-09-21 19:01:58,223 - INFO] Time 0.074 | CBR 0.1250 (0.1250) | SNR 4.0 | PSNR 29.427 (29.427) | MSSSIM 0.959 (0.959) | Lr 0.0001
2025-09-21 19:01:58,371 - INFO] Time 0.075 | CBR 0.1250 (0.1250) | SNR 4.0 | PSNR 35.121 (32.274) | MSSSIM 0.963 (0.961) | Lr 0.0001
2025-09-21 19:01:58,518 - INFO] Time 0.073 | CBR 0.1250 (0.1250) | SNR 4.0 | PSNR 37.445 (33.998) | MSSSIM 0.983 (0.968) | Lr 0.0001
2025-09-21 19:01:58,705 - INFO] Time 0.113 | CBR 0.1250 (0.1250) | SNR 4.0 | PSNR 35.118 (34.278) | MSSSIM 0.972 (0.969) | Lr 0.0001
2025-09-21 19:01:58,887 - INFO] Time 0.110 | CBR 0.1250 (0.1250) | SNR 4.0 | PSNR 28.900 (33.202) | MSSSIM 0.962 (0.968) | Lr 0.0001
2025-09-21 19:01:59,029 - INFO] Time 0.070 | CBR 0.1250 (0.1250) | SNR 4.0 | PSNR 31.537 (32.925) | MSSSIM 0.960 (0.966) | Lr 0.0001
2025-09-21 19:01:59,173 - INFO] Time 0.071 | CBR 0.1250 (0.1250) | SNR 4.0 | PSNR 35.738 (33.327) | MSSSIM 0.986 (0.969) | Lr 0.0001
2025-09-21 19:01:59,316 - INFO] Time 0.070 | CBR 0.1250 (0.1250) | SNR 4.0 | PSNR 28.270 (32.695) | MSSSIM 0.968 (0.969) | Lr 0.0001
2025-09-21 19:01:59,497 - INFO] Time 0.107 | CBR 0.1250 (0.1250) | SNR 4.0 | PSNR 36.351 (33.101) | MSSSIM 0.982 (0.970) | Lr 0.0001
2025-09-21 19:01:59,640 - INFO] Time 0.071 | CBR 0.1250 (0.1250) | SNR 4.0 | PSNR 36.151 (33.406) | MSSSIM 0.980 (0.971) | Lr 0.0001
2025-09-21 19:01:59,817 - INFO] Time 0.106 | CBR 0.1250 (0.1250) | SNR 4.0 | PSNR 32.642 (33.336) | MSSSIM 0.966 (0.971) | Lr 0.0001
2025-09-21 19:01:59,958 - INFO] Time 0.070 | CBR 0.1250 (0.1250) | SNR 4.0 | PSNR 36.621 (33.610) | MSSSIM 0.975 (0.971) | Lr 0.0001
2025-09-21 19:02:00,100 - INFO] Time 0.070 | CBR 0.1250 (0.1250) | SNR 4.0 | PSNR 26.190 (33.039) | MSSSIM 0.929 (0.968) | Lr 0.0001
2025-09-21 19:02:00,241 - INFO] Time 0.071 | CBR 0.1250 (0.1250) | SNR 4.0 | PSNR 30.657 (32.869) | MSSSIM 0.959 (0.967) | Lr 0.0001
2025-09-21 19:02:00,383 - INFO] Time 0.070 | CBR 0.1250 (0.1250) | SNR 4.0 | PSNR 35.118 (33.019) | MSSSIM 0.977 (0.968) | Lr 0.0001
2025-09-21 19:02:00,524 - INFO] Time 0.070 | CBR 0.1250 (0.1250) | SNR 4.0 | PSNR 35.064 (33.147) | MSSSIM 0.972 (0.968) | Lr 0.0001
2025-09-21 19:02:00,701 - INFO] Time 0.106 | CBR 0.1250 (0.1250) | SNR 4.0 | PSNR 35.073 (33.260) | MSSSIM 0.978 (0.969) | Lr 0.0001
2025-09-21 19:02:00,843 - INFO] Time 0.070 | CBR 0.1250 (0.1250) | SNR 4.0 | PSNR 30.048 (33.082) | MSSSIM 0.955 (0.968) | Lr 0.0001
2025-09-21 19:02:00,987 - INFO] Time 0.071 | CBR 0.1250 (0.1250) | SNR 4.0 | PSNR 33.450 (33.101) | MSSSIM 0.970 (0.968) | Lr 0.0001
2025-09-21 19:02:01,163 - INFO] Time 0.106 | CBR 0.1250 (0.1250) | SNR 4.0 | PSNR 35.740 (33.233) | MSSSIM 0.982 (0.969) | Lr 0.0001
2025-09-21 19:02:01,304 - INFO] Time 0.070 | CBR 0.1250 (0.1250) | SNR 4.0 | PSNR 31.880 (33.169) | MSSSIM 0.972 (0.969) | Lr 0.0001
2025-09-21 19:02:01,446 - INFO] Time 0.070 | CBR 0.1250 (0.1250) | SNR 4.0 | PSNR 32.661 (33.145) | MSSSIM 0.959 (0.968) | Lr 0.0001
2025-09-21 19:02:01,586 - INFO] Time 0.069 | CBR 0.1250 (0.1250) | SNR 4.0 | PSNR 37.185 (33.321) | MSSSIM 0.982 (0.969) | Lr 0.0001
2025-09-21 19:02:01,730 - INFO] Time 0.072 | CBR 0.1250 (0.1250) | SNR 4.0 | PSNR 30.226 (33.192) | MSSSIM 0.966 (0.969) | Lr 0.0001
2025-09-21 19:02:01,871 - INFO] Time 0.071 | CBR 0.0208 (0.0208) | SNR 7.0 | PSNR 20.150 (20.150) | MSSSIM 0.567 (0.567) | Lr 0.0001
2025-09-21 19:02:02,013 - INFO] Time 0.070 | CBR 0.0208 (0.0208) | SNR 7.0 | PSNR 22.709 (21.430) | MSSSIM 0.735 (0.651) | Lr 0.0001
2025-09-21 19:02:02,153 - INFO] Time 0.070 | CBR 0.0208 (0.0208) | SNR 7.0 | PSNR 21.705 (21.521) | MSSSIM 0.770 (0.691) | Lr 0.0001
2025-09-21 19:02:02,332 - INFO] Time 0.107 | CBR 0.0208 (0.0208) | SNR 7.0 | PSNR 22.630 (21.799) | MSSSIM 0.768 (0.710) | Lr 0.0001
2025-09-21 19:02:02,510 - INFO] Time 0.106 | CBR 0.0208 (0.0208) | SNR 7.0 | PSNR 17.889 (21.017) | MSSSIM 0.481 (0.664) | Lr 0.0001
2025-09-21 19:02:02,651 - INFO] Time 0.070 | CBR 0.0208 (0.0208) | SNR 7.0 | PSNR 21.316 (21.067) | MSSSIM 0.655 (0.663) | Lr 0.0001
2025-09-21 19:02:02,795 - INFO] Time 0.070 | CBR 0.0208 (0.0208) | SNR 7.0 | PSNR 21.421 (21.117) | MSSSIM 0.706 (0.669) | Lr 0.0001
2025-09-21 19:02:02,939 - INFO] Time 0.071 | CBR 0.0208 (0.0208) | SNR 7.0 | PSNR 14.947 (20.346) | MSSSIM 0.456 (0.642) | Lr 0.0001
2025-09-21 19:02:03,118 - INFO] Time 0.106 | CBR 0.0208 (0.0208) | SNR 7.0 | PSNR 23.157 (20.658) | MSSSIM 0.776 (0.657) | Lr 0.0001
2025-09-21 19:02:03,261 - INFO] Time 0.070 | CBR 0.0208 (0.0208) | SNR 7.0 | PSNR 24.034 (20.996) | MSSSIM 0.775 (0.669) | Lr 0.0001
2025-09-21 19:02:03,440 - INFO] Time 0.107 | CBR 0.0208 (0.0208) | SNR 7.0 | PSNR 22.394 (21.123) | MSSSIM 0.709 (0.673) | Lr 0.0001
2025-09-21 19:02:03,581 - INFO] Time 0.071 | CBR 0.0208 (0.0208) | SNR 7.0 | PSNR 21.165 (21.126) | MSSSIM 0.817 (0.685) | Lr 0.0001
2025-09-21 19:02:03,723 - INFO] Time 0.070 | CBR 0.0208 (0.0208) | SNR 7.0 | PSNR 18.770 (20.945) | MSSSIM 0.542 (0.674) | Lr 0.0001
2025-09-21 19:02:03,864 - INFO] Time 0.070 | CBR 0.0208 (0.0208) | SNR 7.0 | PSNR 20.116 (20.886) | MSSSIM 0.610 (0.669) | Lr 0.0001
2025-09-21 19:02:04,007 - INFO] Time 0.071 | CBR 0.0208 (0.0208) | SNR 7.0 | PSNR 21.966 (20.958) | MSSSIM 0.807 (0.678) | Lr 0.0001
2025-09-21 19:02:04,155 - INFO] Time 0.073 | CBR 0.0208 (0.0208) | SNR 7.0 | PSNR 25.307 (21.230) | MSSSIM 0.771 (0.684) | Lr 0.0001
2025-09-21 19:02:04,345 - INFO] Time 0.113 | CBR 0.0208 (0.0208) | SNR 7.0 | PSNR 24.348 (21.413) | MSSSIM 0.769 (0.689) | Lr 0.0001
2025-09-21 19:02:04,496 - INFO] Time 0.075 | CBR 0.0208 (0.0208) | SNR 7.0 | PSNR 20.124 (21.342) | MSSSIM 0.551 (0.681) | Lr 0.0001
2025-09-21 19:02:04,648 - INFO] Time 0.075 | CBR 0.0208 (0.0208) | SNR 7.0 | PSNR 20.264 (21.285) | MSSSIM 0.716 (0.683) | Lr 0.0001
2025-09-21 19:02:04,837 - INFO] Time 0.113 | CBR 0.0208 (0.0208) | SNR 7.0 | PSNR 21.859 (21.314) | MSSSIM 0.816 (0.690) | Lr 0.0001
2025-09-21 19:02:04,988 - INFO] Time 0.076 | CBR 0.0208 (0.0208) | SNR 7.0 | PSNR 21.866 (21.340) | MSSSIM 0.754 (0.693) | Lr 0.0001
2025-09-21 19:02:05,141 - INFO] Time 0.075 | CBR 0.0208 (0.0208) | SNR 7.0 | PSNR 22.381 (21.387) | MSSSIM 0.659 (0.691) | Lr 0.0001
2025-09-21 19:02:05,293 - INFO] Time 0.075 | CBR 0.0208 (0.0208) | SNR 7.0 | PSNR 16.176 (21.161) | MSSSIM 0.668 (0.690) | Lr 0.0001
2025-09-21 19:02:05,445 - INFO] Time 0.075 | CBR 0.0208 (0.0208) | SNR 7.0 | PSNR 21.086 (21.157) | MSSSIM 0.654 (0.689) | Lr 0.0001
2025-09-21 19:02:05,596 - INFO] Time 0.075 | CBR 0.0417 (0.0417) | SNR 7.0 | PSNR 23.985 (23.985) | MSSSIM 0.822 (0.822) | Lr 0.0001
2025-09-21 19:02:05,747 - INFO] Time 0.075 | CBR 0.0417 (0.0417) | SNR 7.0 | PSNR 29.349 (26.667) | MSSSIM 0.885 (0.854) | Lr 0.0001
2025-09-21 19:02:05,896 - INFO] Time 0.075 | CBR 0.0417 (0.0417) | SNR 7.0 | PSNR 30.985 (28.106) | MSSSIM 0.945 (0.884) | Lr 0.0001
2025-09-21 19:02:06,089 - INFO] Time 0.115 | CBR 0.0417 (0.0417) | SNR 7.0 | PSNR 29.276 (28.399) | MSSSIM 0.909 (0.890) | Lr 0.0001
2025-09-21 19:02:06,279 - INFO] Time 0.113 | CBR 0.0417 (0.0417) | SNR 7.0 | PSNR 22.476 (27.214) | MSSSIM 0.826 (0.878) | Lr 0.0001
2025-09-21 19:02:06,430 - INFO] Time 0.075 | CBR 0.0417 (0.0417) | SNR 7.0 | PSNR 25.348 (26.903) | MSSSIM 0.840 (0.871) | Lr 0.0001
2025-09-21 19:02:06,583 - INFO] Time 0.075 | CBR 0.0417 (0.0417) | SNR 7.0 | PSNR 27.887 (27.044) | MSSSIM 0.925 (0.879) | Lr 0.0001
2025-09-21 19:02:06,737 - INFO] Time 0.076 | CBR 0.0417 (0.0417) | SNR 7.0 | PSNR 21.463 (26.346) | MSSSIM 0.859 (0.877) | Lr 0.0001
2025-09-21 19:02:06,928 - INFO] Time 0.113 | CBR 0.0417 (0.0417) | SNR 7.0 | PSNR 28.506 (26.586) | MSSSIM 0.929 (0.882) | Lr 0.0001
2025-09-21 19:02:07,080 - INFO] Time 0.075 | CBR 0.0417 (0.0417) | SNR 7.0 | PSNR 28.625 (26.790) | MSSSIM 0.923 (0.887) | Lr 0.0001
2025-09-21 19:02:07,274 - INFO] Time 0.117 | CBR 0.0417 (0.0417) | SNR 7.0 | PSNR 26.361 (26.751) | MSSSIM 0.878 (0.886) | Lr 0.0001
2025-09-21 19:02:07,424 - INFO] Time 0.075 | CBR 0.0417 (0.0417) | SNR 7.0 | PSNR 30.222 (27.040) | MSSSIM 0.928 (0.889) | Lr 0.0001
2025-09-21 19:02:07,576 - INFO] Time 0.075 | CBR 0.0417 (0.0417) | SNR 7.0 | PSNR 21.216 (26.592) | MSSSIM 0.763 (0.880) | Lr 0.0001
2025-09-21 19:02:07,726 - INFO] Time 0.075 | CBR 0.0417 (0.0417) | SNR 7.0 | PSNR 24.730 (26.459) | MSSSIM 0.843 (0.877) | Lr 0.0001
2025-09-21 19:02:07,878 - INFO] Time 0.075 | CBR 0.0417 (0.0417) | SNR 7.0 | PSNR 28.987 (26.628) | MSSSIM 0.932 (0.881) | Lr 0.0001
2025-09-21 19:02:08,028 - INFO] Time 0.075 | CBR 0.0417 (0.0417) | SNR 7.0 | PSNR 29.048 (26.779) | MSSSIM 0.894 (0.881) | Lr 0.0001
2025-09-21 19:02:08,220 - INFO] Time 0.115 | CBR 0.0417 (0.0417) | SNR 7.0 | PSNR 28.280 (26.867) | MSSSIM 0.921 (0.884) | Lr 0.0001
2025-09-21 19:02:08,371 - INFO] Time 0.077 | CBR 0.0417 (0.0417) | SNR 7.0 | PSNR 24.591 (26.741) | MSSSIM 0.843 (0.882) | Lr 0.0001
2025-09-21 19:02:08,524 - INFO] Time 0.075 | CBR 0.0417 (0.0417) | SNR 7.0 | PSNR 26.719 (26.740) | MSSSIM 0.897 (0.882) | Lr 0.0001
2025-09-21 19:02:08,713 - INFO] Time 0.113 | CBR 0.0417 (0.0417) | SNR 7.0 | PSNR 28.237 (26.815) | MSSSIM 0.938 (0.885) | Lr 0.0001
2025-09-21 19:02:08,864 - INFO] Time 0.075 | CBR 0.0417 (0.0417) | SNR 7.0 | PSNR 25.012 (26.729) | MSSSIM 0.894 (0.886) | Lr 0.0001
2025-09-21 19:02:09,016 - INFO] Time 0.075 | CBR 0.0417 (0.0417) | SNR 7.0 | PSNR 26.972 (26.740) | MSSSIM 0.849 (0.884) | Lr 0.0001
2025-09-21 19:02:09,168 - INFO] Time 0.076 | CBR 0.0417 (0.0417) | SNR 7.0 | PSNR 30.385 (26.898) | MSSSIM 0.945 (0.887) | Lr 0.0001
2025-09-21 19:02:09,324 - INFO] Time 0.079 | CBR 0.0417 (0.0417) | SNR 7.0 | PSNR 23.998 (26.777) | MSSSIM 0.861 (0.885) | Lr 0.0001
2025-09-21 19:02:09,477 - INFO] Time 0.077 | CBR 0.0625 (0.0625) | SNR 7.0 | PSNR 24.377 (24.377) | MSSSIM 0.842 (0.842) | Lr 0.0001
2025-09-21 19:02:09,630 - INFO] Time 0.075 | CBR 0.0625 (0.0625) | SNR 7.0 | PSNR 29.608 (26.993) | MSSSIM 0.895 (0.868) | Lr 0.0001
2025-09-21 19:02:09,780 - INFO] Time 0.075 | CBR 0.0625 (0.0625) | SNR 7.0 | PSNR 31.367 (28.451) | MSSSIM 0.950 (0.896) | Lr 0.0001
2025-09-21 19:02:09,972 - INFO] Time 0.115 | CBR 0.0625 (0.0625) | SNR 7.0 | PSNR 29.672 (28.756) | MSSSIM 0.917 (0.901) | Lr 0.0001
2025-09-21 19:02:10,163 - INFO] Time 0.113 | CBR 0.0625 (0.0625) | SNR 7.0 | PSNR 23.073 (27.620) | MSSSIM 0.855 (0.892) | Lr 0.0001
2025-09-21 19:02:10,314 - INFO] Time 0.076 | CBR 0.0625 (0.0625) | SNR 7.0 | PSNR 25.892 (27.332) | MSSSIM 0.862 (0.887) | Lr 0.0001
2025-09-21 19:02:10,468 - INFO] Time 0.075 | CBR 0.0625 (0.0625) | SNR 7.0 | PSNR 28.411 (27.486) | MSSSIM 0.935 (0.894) | Lr 0.0001
2025-09-21 19:02:10,624 - INFO] Time 0.076 | CBR 0.0625 (0.0625) | SNR 7.0 | PSNR 21.833 (26.779) | MSSSIM 0.874 (0.891) | Lr 0.0001
2025-09-21 19:02:10,814 - INFO] Time 0.113 | CBR 0.0625 (0.0625) | SNR 7.0 | PSNR 28.835 (27.008) | MSSSIM 0.934 (0.896) | Lr 0.0001
2025-09-21 19:02:10,966 - INFO] Time 0.076 | CBR 0.0625 (0.0625) | SNR 7.0 | PSNR 28.917 (27.199) | MSSSIM 0.932 (0.900) | Lr 0.0001
2025-09-21 19:02:11,156 - INFO] Time 0.113 | CBR 0.0625 (0.0625) | SNR 7.0 | PSNR 26.860 (27.168) | MSSSIM 0.891 (0.899) | Lr 0.0001
2025-09-21 19:02:11,307 - INFO] Time 0.075 | CBR 0.0625 (0.0625) | SNR 7.0 | PSNR 30.621 (27.455) | MSSSIM 0.935 (0.902) | Lr 0.0001
2025-09-21 19:02:11,457 - INFO] Time 0.074 | CBR 0.0625 (0.0625) | SNR 7.0 | PSNR 21.780 (27.019) | MSSSIM 0.797 (0.894) | Lr 0.0001
2025-09-21 19:02:11,608 - INFO] Time 0.075 | CBR 0.0625 (0.0625) | SNR 7.0 | PSNR 25.336 (26.899) | MSSSIM 0.866 (0.892) | Lr 0.0001
2025-09-21 19:02:11,760 - INFO] Time 0.076 | CBR 0.0625 (0.0625) | SNR 7.0 | PSNR 29.437 (27.068) | MSSSIM 0.938 (0.895) | Lr 0.0001
2025-09-21 19:02:11,911 - INFO] Time 0.075 | CBR 0.0625 (0.0625) | SNR 7.0 | PSNR 29.561 (27.224) | MSSSIM 0.906 (0.896) | Lr 0.0001
2025-09-21 19:02:12,101 - INFO] Time 0.114 | CBR 0.0625 (0.0625) | SNR 7.0 | PSNR 28.784 (27.316) | MSSSIM 0.929 (0.897) | Lr 0.0001
2025-09-21 19:02:12,252 - INFO] Time 0.075 | CBR 0.0625 (0.0625) | SNR 7.0 | PSNR 25.096 (27.192) | MSSSIM 0.864 (0.896) | Lr 0.0001
2025-09-21 19:02:12,403 - INFO] Time 0.076 | CBR 0.0625 (0.0625) | SNR 7.0 | PSNR 27.183 (27.192) | MSSSIM 0.910 (0.896) | Lr 0.0001
2025-09-21 19:02:12,595 - INFO] Time 0.115 | CBR 0.0625 (0.0625) | SNR 7.0 | PSNR 28.743 (27.269) | MSSSIM 0.945 (0.899) | Lr 0.0001
2025-09-21 19:02:12,746 - INFO] Time 0.075 | CBR 0.0625 (0.0625) | SNR 7.0 | PSNR 25.637 (27.192) | MSSSIM 0.908 (0.899) | Lr 0.0001
2025-09-21 19:02:12,898 - INFO] Time 0.076 | CBR 0.0625 (0.0625) | SNR 7.0 | PSNR 27.297 (27.196) | MSSSIM 0.864 (0.898) | Lr 0.0001
2025-09-21 19:02:13,050 - INFO] Time 0.075 | CBR 0.0625 (0.0625) | SNR 7.0 | PSNR 30.913 (27.358) | MSSSIM 0.951 (0.900) | Lr 0.0001
2025-09-21 19:02:13,205 - INFO] Time 0.076 | CBR 0.0625 (0.0625) | SNR 7.0 | PSNR 24.521 (27.240) | MSSSIM 0.880 (0.899) | Lr 0.0001
2025-09-21 19:02:13,357 - INFO] Time 0.076 | CBR 0.0833 (0.0833) | SNR 7.0 | PSNR 26.328 (26.328) | MSSSIM 0.899 (0.899) | Lr 0.0001
2025-09-21 19:02:13,509 - INFO] Time 0.075 | CBR 0.0833 (0.0833) | SNR 7.0 | PSNR 32.269 (29.298) | MSSSIM 0.936 (0.917) | Lr 0.0001
2025-09-21 19:02:13,659 - INFO] Time 0.075 | CBR 0.0833 (0.0833) | SNR 7.0 | PSNR 34.043 (30.880) | MSSSIM 0.970 (0.935) | Lr 0.0001
2025-09-21 19:02:13,851 - INFO] Time 0.115 | CBR 0.0833 (0.0833) | SNR 7.0 | PSNR 31.965 (31.151) | MSSSIM 0.952 (0.939) | Lr 0.0001
2025-09-21 19:02:14,043 - INFO] Time 0.115 | CBR 0.0833 (0.0833) | SNR 7.0 | PSNR 25.527 (30.026) | MSSSIM 0.909 (0.933) | Lr 0.0001
2025-09-21 19:02:14,194 - INFO] Time 0.075 | CBR 0.0833 (0.0833) | SNR 7.0 | PSNR 28.351 (29.747) | MSSSIM 0.913 (0.930) | Lr 0.0001
2025-09-21 19:02:14,348 - INFO] Time 0.075 | CBR 0.0833 (0.0833) | SNR 7.0 | PSNR 30.451 (29.848) | MSSSIM 0.956 (0.934) | Lr 0.0001
2025-09-21 19:02:14,502 - INFO] Time 0.077 | CBR 0.0833 (0.0833) | SNR 7.0 | PSNR 24.231 (29.146) | MSSSIM 0.922 (0.932) | Lr 0.0001
2025-09-21 19:02:14,695 - INFO] Time 0.114 | CBR 0.0833 (0.0833) | SNR 7.0 | PSNR 31.102 (29.363) | MSSSIM 0.961 (0.935) | Lr 0.0001
2025-09-21 19:02:14,849 - INFO] Time 0.076 | CBR 0.0833 (0.0833) | SNR 7.0 | PSNR 31.294 (29.556) | MSSSIM 0.959 (0.938) | Lr 0.0001
2025-09-21 19:02:15,045 - INFO] Time 0.117 | CBR 0.0833 (0.0833) | SNR 7.0 | PSNR 29.143 (29.519) | MSSSIM 0.933 (0.937) | Lr 0.0001
2025-09-21 19:02:15,200 - INFO] Time 0.077 | CBR 0.0833 (0.0833) | SNR 7.0 | PSNR 32.842 (29.796) | MSSSIM 0.958 (0.939) | Lr 0.0001
2025-09-21 19:02:15,357 - INFO] Time 0.078 | CBR 0.0833 (0.0833) | SNR 7.0 | PSNR 23.857 (29.339) | MSSSIM 0.868 (0.934) | Lr 0.0001
2025-09-21 19:02:15,513 - INFO] Time 0.077 | CBR 0.0833 (0.0833) | SNR 7.0 | PSNR 27.637 (29.217) | MSSSIM 0.918 (0.932) | Lr 0.0001
2025-09-21 19:02:15,670 - INFO] Time 0.078 | CBR 0.0833 (0.0833) | SNR 7.0 | PSNR 31.998 (29.403) | MSSSIM 0.961 (0.934) | Lr 0.0001
2025-09-21 19:02:15,825 - INFO] Time 0.077 | CBR 0.0833 (0.0833) | SNR 7.0 | PSNR 32.030 (29.567) | MSSSIM 0.941 (0.935) | Lr 0.0001
2025-09-21 19:02:16,022 - INFO] Time 0.117 | CBR 0.0833 (0.0833) | SNR 7.0 | PSNR 31.058 (29.655) | MSSSIM 0.956 (0.936) | Lr 0.0001
2025-09-21 19:02:16,177 - INFO] Time 0.077 | CBR 0.0833 (0.0833) | SNR 7.0 | PSNR 27.261 (29.522) | MSSSIM 0.914 (0.935) | Lr 0.0001
2025-09-21 19:02:16,333 - INFO] Time 0.077 | CBR 0.0833 (0.0833) | SNR 7.0 | PSNR 29.182 (29.504) | MSSSIM 0.940 (0.935) | Lr 0.0001
2025-09-21 19:02:16,528 - INFO] Time 0.116 | CBR 0.0833 (0.0833) | SNR 7.0 | PSNR 30.905 (29.574) | MSSSIM 0.964 (0.937) | Lr 0.0001
2025-09-21 19:02:16,685 - INFO] Time 0.078 | CBR 0.0833 (0.0833) | SNR 7.0 | PSNR 27.991 (29.498) | MSSSIM 0.941 (0.937) | Lr 0.0001
2025-09-21 19:02:16,841 - INFO] Time 0.077 | CBR 0.0833 (0.0833) | SNR 7.0 | PSNR 29.744 (29.510) | MSSSIM 0.916 (0.936) | Lr 0.0001
2025-09-21 19:02:16,995 - INFO] Time 0.077 | CBR 0.0833 (0.0833) | SNR 7.0 | PSNR 33.319 (29.675) | MSSSIM 0.970 (0.937) | Lr 0.0001
2025-09-21 19:02:17,151 - INFO] Time 0.077 | CBR 0.0833 (0.0833) | SNR 7.0 | PSNR 27.216 (29.573) | MSSSIM 0.929 (0.937) | Lr 0.0001
2025-09-21 19:02:17,306 - INFO] Time 0.077 | CBR 0.1250 (0.1250) | SNR 7.0 | PSNR 31.224 (31.224) | MSSSIM 0.975 (0.975) | Lr 0.0001
2025-09-21 19:02:17,461 - INFO] Time 0.077 | CBR 0.1250 (0.1250) | SNR 7.0 | PSNR 36.496 (33.860) | MSSSIM 0.975 (0.975) | Lr 0.0001
2025-09-21 19:02:17,617 - INFO] Time 0.078 | CBR 0.1250 (0.1250) | SNR 7.0 | PSNR 38.951 (35.557) | MSSSIM 0.988 (0.979) | Lr 0.0001
2025-09-21 19:02:17,816 - INFO] Time 0.119 | CBR 0.1250 (0.1250) | SNR 7.0 | PSNR 36.575 (35.812) | MSSSIM 0.982 (0.980) | Lr 0.0001
2025-09-21 19:02:18,012 - INFO] Time 0.116 | CBR 0.1250 (0.1250) | SNR 7.0 | PSNR 30.841 (34.817) | MSSSIM 0.977 (0.979) | Lr 0.0001
2025-09-21 19:02:18,167 - INFO] Time 0.078 | CBR 0.1250 (0.1250) | SNR 7.0 | PSNR 33.249 (34.556) | MSSSIM 0.974 (0.978) | Lr 0.0001
2025-09-21 19:02:18,326 - INFO] Time 0.079 | CBR 0.1250 (0.1250) | SNR 7.0 | PSNR 37.370 (34.958) | MSSSIM 0.990 (0.980) | Lr 0.0001
2025-09-21 19:02:18,484 - INFO] Time 0.078 | CBR 0.1250 (0.1250) | SNR 7.0 | PSNR 30.034 (34.342) | MSSSIM 0.979 (0.980) | Lr 0.0001
2025-09-21 19:02:18,680 - INFO] Time 0.116 | CBR 0.1250 (0.1250) | SNR 7.0 | PSNR 37.682 (34.714) | MSSSIM 0.986 (0.981) | Lr 0.0001
2025-09-21 19:02:18,836 - INFO] Time 0.077 | CBR 0.1250 (0.1250) | SNR 7.0 | PSNR 37.645 (35.007) | MSSSIM 0.986 (0.981) | Lr 0.0001
2025-09-21 19:02:19,030 - INFO] Time 0.116 | CBR 0.1250 (0.1250) | SNR 7.0 | PSNR 34.183 (34.932) | MSSSIM 0.977 (0.981) | Lr 0.0001
2025-09-21 19:02:19,186 - INFO] Time 0.077 | CBR 0.1250 (0.1250) | SNR 7.0 | PSNR 38.149 (35.200) | MSSSIM 0.983 (0.981) | Lr 0.0001
2025-09-21 19:02:19,342 - INFO] Time 0.078 | CBR 0.1250 (0.1250) | SNR 7.0 | PSNR 27.872 (34.636) | MSSSIM 0.957 (0.979) | Lr 0.0001
2025-09-21 19:02:19,498 - INFO] Time 0.078 | CBR 0.1250 (0.1250) | SNR 7.0 | PSNR 32.344 (34.472) | MSSSIM 0.974 (0.979) | Lr 0.0001
2025-09-21 19:02:19,655 - INFO] Time 0.080 | CBR 0.1250 (0.1250) | SNR 7.0 | PSNR 36.392 (34.600) | MSSSIM 0.983 (0.979) | Lr 0.0001
2025-09-21 19:02:19,811 - INFO] Time 0.078 | CBR 0.1250 (0.1250) | SNR 7.0 | PSNR 36.758 (34.735) | MSSSIM 0.982 (0.979) | Lr 0.0001
2025-09-21 19:02:20,008 - INFO] Time 0.118 | CBR 0.1250 (0.1250) | SNR 7.0 | PSNR 36.542 (34.841) | MSSSIM 0.986 (0.980) | Lr 0.0001
2025-09-21 19:02:20,164 - INFO] Time 0.078 | CBR 0.1250 (0.1250) | SNR 7.0 | PSNR 31.706 (34.667) | MSSSIM 0.971 (0.979) | Lr 0.0001
2025-09-21 19:02:20,319 - INFO] Time 0.077 | CBR 0.1250 (0.1250) | SNR 7.0 | PSNR 34.929 (34.681) | MSSSIM 0.980 (0.979) | Lr 0.0001
2025-09-21 19:02:20,514 - INFO] Time 0.117 | CBR 0.1250 (0.1250) | SNR 7.0 | PSNR 37.097 (34.802) | MSSSIM 0.987 (0.980) | Lr 0.0001
2025-09-21 19:02:22,349 - INFO] Time 1.757 | CBR 0.1250 (0.1250) | SNR 7.0 | PSNR 33.528 (34.741) | MSSSIM 0.980 (0.980) | Lr 0.0001
2025-09-21 19:02:22,507 - INFO] Time 0.078 | CBR 0.1250 (0.1250) | SNR 7.0 | PSNR 34.176 (34.716) | MSSSIM 0.972 (0.979) | Lr 0.0001
2025-09-21 19:02:22,657 - INFO] Time 0.075 | CBR 0.1250 (0.1250) | SNR 7.0 | PSNR 38.448 (34.878) | MSSSIM 0.987 (0.980) | Lr 0.0001
2025-09-21 19:02:22,810 - INFO] Time 0.076 | CBR 0.1250 (0.1250) | SNR 7.0 | PSNR 31.803 (34.750) | MSSSIM 0.979 (0.980) | Lr 0.0001
2025-09-21 19:02:22,962 - INFO] Time 0.077 | CBR 0.0208 (0.0208) | SNR 10.0 | PSNR 20.191 (20.191) | MSSSIM 0.571 (0.571) | Lr 0.0001
2025-09-21 19:02:23,113 - INFO] Time 0.075 | CBR 0.0208 (0.0208) | SNR 10.0 | PSNR 22.905 (21.548) | MSSSIM 0.741 (0.656) | Lr 0.0001
2025-09-21 19:02:23,265 - INFO] Time 0.075 | CBR 0.0208 (0.0208) | SNR 10.0 | PSNR 21.795 (21.631) | MSSSIM 0.782 (0.698) | Lr 0.0001
2025-09-21 19:02:23,455 - INFO] Time 0.115 | CBR 0.0208 (0.0208) | SNR 10.0 | PSNR 22.826 (21.929) | MSSSIM 0.777 (0.718) | Lr 0.0001
2025-09-21 19:02:23,648 - INFO] Time 0.114 | CBR 0.0208 (0.0208) | SNR 10.0 | PSNR 18.234 (21.190) | MSSSIM 0.519 (0.678) | Lr 0.0001
2025-09-21 19:02:23,799 - INFO] Time 0.075 | CBR 0.0208 (0.0208) | SNR 10.0 | PSNR 21.674 (21.271) | MSSSIM 0.688 (0.680) | Lr 0.0001
2025-09-21 19:02:23,953 - INFO] Time 0.077 | CBR 0.0208 (0.0208) | SNR 10.0 | PSNR 21.468 (21.299) | MSSSIM 0.723 (0.686) | Lr 0.0001
2025-09-21 19:02:24,108 - INFO] Time 0.075 | CBR 0.0208 (0.0208) | SNR 10.0 | PSNR 15.474 (20.571) | MSSSIM 0.499 (0.663) | Lr 0.0001
2025-09-21 19:02:24,298 - INFO] Time 0.113 | CBR 0.0208 (0.0208) | SNR 10.0 | PSNR 23.303 (20.875) | MSSSIM 0.787 (0.676) | Lr 0.0001
2025-09-21 19:02:24,451 - INFO] Time 0.075 | CBR 0.0208 (0.0208) | SNR 10.0 | PSNR 24.237 (21.211) | MSSSIM 0.790 (0.688) | Lr 0.0001
2025-09-21 19:02:24,639 - INFO] Time 0.113 | CBR 0.0208 (0.0208) | SNR 10.0 | PSNR 22.610 (21.338) | MSSSIM 0.726 (0.691) | Lr 0.0001
2025-09-21 19:02:24,786 - INFO] Time 0.073 | CBR 0.0208 (0.0208) | SNR 10.0 | PSNR 21.224 (21.328) | MSSSIM 0.823 (0.702) | Lr 0.0001
2025-09-21 19:02:24,934 - INFO] Time 0.073 | CBR 0.0208 (0.0208) | SNR 10.0 | PSNR 18.869 (21.139) | MSSSIM 0.559 (0.691) | Lr 0.0001
2025-09-21 19:02:25,082 - INFO] Time 0.073 | CBR 0.0208 (0.0208) | SNR 10.0 | PSNR 20.186 (21.071) | MSSSIM 0.617 (0.686) | Lr 0.0001
2025-09-21 19:02:25,231 - INFO] Time 0.074 | CBR 0.0208 (0.0208) | SNR 10.0 | PSNR 22.038 (21.136) | MSSSIM 0.811 (0.694) | Lr 0.0001
2025-09-21 19:02:25,376 - INFO] Time 0.073 | CBR 0.0208 (0.0208) | SNR 10.0 | PSNR 25.616 (21.416) | MSSSIM 0.788 (0.700) | Lr 0.0001
2025-09-21 19:02:25,559 - INFO] Time 0.109 | CBR 0.0208 (0.0208) | SNR 10.0 | PSNR 24.583 (21.602) | MSSSIM 0.789 (0.705) | Lr 0.0001
2025-09-21 19:02:25,705 - INFO] Time 0.073 | CBR 0.0208 (0.0208) | SNR 10.0 | PSNR 20.630 (21.548) | MSSSIM 0.604 (0.700) | Lr 0.0001
2025-09-21 19:02:25,852 - INFO] Time 0.073 | CBR 0.0208 (0.0208) | SNR 10.0 | PSNR 20.061 (21.470) | MSSSIM 0.725 (0.701) | Lr 0.0001
2025-09-21 19:02:26,035 - INFO] Time 0.109 | CBR 0.0208 (0.0208) | SNR 10.0 | PSNR 22.284 (21.510) | MSSSIM 0.829 (0.707) | Lr 0.0001
2025-09-21 19:02:26,183 - INFO] Time 0.073 | CBR 0.0208 (0.0208) | SNR 10.0 | PSNR 21.856 (21.527) | MSSSIM 0.761 (0.710) | Lr 0.0001
2025-09-21 19:02:26,332 - INFO] Time 0.074 | CBR 0.0208 (0.0208) | SNR 10.0 | PSNR 22.545 (21.573) | MSSSIM 0.678 (0.708) | Lr 0.0001
2025-09-21 19:02:26,479 - INFO] Time 0.073 | CBR 0.0208 (0.0208) | SNR 10.0 | PSNR 16.262 (21.342) | MSSSIM 0.669 (0.707) | Lr 0.0001
2025-09-21 19:02:26,629 - INFO] Time 0.073 | CBR 0.0208 (0.0208) | SNR 10.0 | PSNR 21.276 (21.340) | MSSSIM 0.682 (0.706) | Lr 0.0001
2025-09-21 19:02:26,778 - INFO] Time 0.074 | CBR 0.0417 (0.0417) | SNR 10.0 | PSNR 24.296 (24.296) | MSSSIM 0.842 (0.842) | Lr 0.0001
2025-09-21 19:02:26,925 - INFO] Time 0.073 | CBR 0.0417 (0.0417) | SNR 10.0 | PSNR 29.657 (26.977) | MSSSIM 0.894 (0.868) | Lr 0.0001
2025-09-21 19:02:27,072 - INFO] Time 0.073 | CBR 0.0417 (0.0417) | SNR 10.0 | PSNR 31.296 (28.416) | MSSSIM 0.950 (0.895) | Lr 0.0001
2025-09-21 19:02:27,259 - INFO] Time 0.112 | CBR 0.0417 (0.0417) | SNR 10.0 | PSNR 29.537 (28.697) | MSSSIM 0.917 (0.901) | Lr 0.0001
2025-09-21 19:02:27,443 - INFO] Time 0.109 | CBR 0.0417 (0.0417) | SNR 10.0 | PSNR 22.909 (27.539) | MSSSIM 0.850 (0.891) | Lr 0.0001
2025-09-21 19:02:27,590 - INFO] Time 0.073 | CBR 0.0417 (0.0417) | SNR 10.0 | PSNR 25.642 (27.223) | MSSSIM 0.858 (0.885) | Lr 0.0001
2025-09-21 19:02:27,740 - INFO] Time 0.073 | CBR 0.0417 (0.0417) | SNR 10.0 | PSNR 28.211 (27.364) | MSSSIM 0.934 (0.892) | Lr 0.0001
2025-09-21 19:02:27,889 - INFO] Time 0.073 | CBR 0.0417 (0.0417) | SNR 10.0 | PSNR 21.809 (26.670) | MSSSIM 0.875 (0.890) | Lr 0.0001
2025-09-21 19:02:28,076 - INFO] Time 0.111 | CBR 0.0417 (0.0417) | SNR 10.0 | PSNR 28.858 (26.913) | MSSSIM 0.938 (0.895) | Lr 0.0001
2025-09-21 19:02:28,225 - INFO] Time 0.074 | CBR 0.0417 (0.0417) | SNR 10.0 | PSNR 28.837 (27.105) | MSSSIM 0.932 (0.899) | Lr 0.0001
2025-09-21 19:02:28,410 - INFO] Time 0.110 | CBR 0.0417 (0.0417) | SNR 10.0 | PSNR 26.608 (27.060) | MSSSIM 0.891 (0.898) | Lr 0.0001
2025-09-21 19:02:28,558 - INFO] Time 0.073 | CBR 0.0417 (0.0417) | SNR 10.0 | PSNR 30.487 (27.346) | MSSSIM 0.935 (0.901) | Lr 0.0001
2025-09-21 19:02:28,705 - INFO] Time 0.073 | CBR 0.0417 (0.0417) | SNR 10.0 | PSNR 21.425 (26.890) | MSSSIM 0.788 (0.892) | Lr 0.0001
2025-09-21 19:02:28,853 - INFO] Time 0.073 | CBR 0.0417 (0.0417) | SNR 10.0 | PSNR 25.150 (26.766) | MSSSIM 0.865 (0.890) | Lr 0.0001
2025-09-21 19:02:29,002 - INFO] Time 0.073 | CBR 0.0417 (0.0417) | SNR 10.0 | PSNR 29.212 (26.929) | MSSSIM 0.938 (0.894) | Lr 0.0001
2025-09-21 19:02:29,149 - INFO] Time 0.073 | CBR 0.0417 (0.0417) | SNR 10.0 | PSNR 29.324 (27.079) | MSSSIM 0.905 (0.894) | Lr 0.0001
2025-09-21 19:02:29,335 - INFO] Time 0.112 | CBR 0.0417 (0.0417) | SNR 10.0 | PSNR 28.447 (27.159) | MSSSIM 0.928 (0.896) | Lr 0.0001
2025-09-21 19:02:29,483 - INFO] Time 0.074 | CBR 0.0417 (0.0417) | SNR 10.0 | PSNR 24.793 (27.028) | MSSSIM 0.860 (0.894) | Lr 0.0001
2025-09-21 19:02:29,631 - INFO] Time 0.074 | CBR 0.0417 (0.0417) | SNR 10.0 | PSNR 26.916 (27.022) | MSSSIM 0.907 (0.895) | Lr 0.0001
2025-09-21 19:02:29,816 - INFO] Time 0.110 | CBR 0.0417 (0.0417) | SNR 10.0 | PSNR 28.470 (27.094) | MSSSIM 0.943 (0.897) | Lr 0.0001
2025-09-21 19:02:29,965 - INFO] Time 0.075 | CBR 0.0417 (0.0417) | SNR 10.0 | PSNR 25.375 (27.012) | MSSSIM 0.905 (0.898) | Lr 0.0001
2025-09-21 19:02:30,114 - INFO] Time 0.073 | CBR 0.0417 (0.0417) | SNR 10.0 | PSNR 27.247 (27.023) | MSSSIM 0.865 (0.896) | Lr 0.0001
2025-09-21 19:02:30,261 - INFO] Time 0.073 | CBR 0.0417 (0.0417) | SNR 10.0 | PSNR 30.634 (27.180) | MSSSIM 0.951 (0.899) | Lr 0.0001
2025-09-21 19:02:30,409 - INFO] Time 0.074 | CBR 0.0417 (0.0417) | SNR 10.0 | PSNR 24.242 (27.058) | MSSSIM 0.882 (0.898) | Lr 0.0001
2025-09-21 19:02:30,557 - INFO] Time 0.074 | CBR 0.0625 (0.0625) | SNR 10.0 | PSNR 24.692 (24.692) | MSSSIM 0.857 (0.857) | Lr 0.0001
2025-09-21 19:02:30,705 - INFO] Time 0.073 | CBR 0.0625 (0.0625) | SNR 10.0 | PSNR 29.838 (27.265) | MSSSIM 0.903 (0.880) | Lr 0.0001
2025-09-21 19:02:30,851 - INFO] Time 0.073 | CBR 0.0625 (0.0625) | SNR 10.0 | PSNR 31.637 (28.722) | MSSSIM 0.955 (0.905) | Lr 0.0001
2025-09-21 19:02:31,038 - INFO] Time 0.112 | CBR 0.0625 (0.0625) | SNR 10.0 | PSNR 30.022 (29.047) | MSSSIM 0.925 (0.910) | Lr 0.0001
2025-09-21 19:02:31,225 - INFO] Time 0.111 | CBR 0.0625 (0.0625) | SNR 10.0 | PSNR 23.417 (27.921) | MSSSIM 0.871 (0.902) | Lr 0.0001
2025-09-21 19:02:31,373 - INFO] Time 0.074 | CBR 0.0625 (0.0625) | SNR 10.0 | PSNR 26.168 (27.629) | MSSSIM 0.874 (0.897) | Lr 0.0001
2025-09-21 19:02:31,523 - INFO] Time 0.074 | CBR 0.0625 (0.0625) | SNR 10.0 | PSNR 28.698 (27.782) | MSSSIM 0.940 (0.903) | Lr 0.0001
2025-09-21 19:02:31,672 - INFO] Time 0.073 | CBR 0.0625 (0.0625) | SNR 10.0 | PSNR 22.227 (27.087) | MSSSIM 0.890 (0.902) | Lr 0.0001
2025-09-21 19:02:31,861 - INFO] Time 0.113 | CBR 0.0625 (0.0625) | SNR 10.0 | PSNR 29.280 (27.331) | MSSSIM 0.944 (0.906) | Lr 0.0001
2025-09-21 19:02:32,012 - INFO] Time 0.074 | CBR 0.0625 (0.0625) | SNR 10.0 | PSNR 29.146 (27.512) | MSSSIM 0.938 (0.910) | Lr 0.0001
2025-09-21 19:02:32,198 - INFO] Time 0.111 | CBR 0.0625 (0.0625) | SNR 10.0 | PSNR 27.129 (27.477) | MSSSIM 0.901 (0.909) | Lr 0.0001
2025-09-21 19:02:32,345 - INFO] Time 0.074 | CBR 0.0625 (0.0625) | SNR 10.0 | PSNR 30.933 (27.765) | MSSSIM 0.940 (0.911) | Lr 0.0001
2025-09-21 19:02:32,494 - INFO] Time 0.074 | CBR 0.0625 (0.0625) | SNR 10.0 | PSNR 22.032 (27.324) | MSSSIM 0.815 (0.904) | Lr 0.0001
2025-09-21 19:02:32,637 - INFO] Time 0.072 | CBR 0.0625 (0.0625) | SNR 10.0 | PSNR 25.684 (27.207) | MSSSIM 0.881 (0.902) | Lr 0.0001
2025-09-21 19:02:32,781 - INFO] Time 0.071 | CBR 0.0625 (0.0625) | SNR 10.0 | PSNR 29.651 (27.370) | MSSSIM 0.943 (0.905) | Lr 0.0001
2025-09-21 19:02:32,921 - INFO] Time 0.070 | CBR 0.0625 (0.0625) | SNR 10.0 | PSNR 29.813 (27.523) | MSSSIM 0.914 (0.906) | Lr 0.0001
2025-09-21 19:02:33,100 - INFO] Time 0.106 | CBR 0.0625 (0.0625) | SNR 10.0 | PSNR 29.034 (27.612) | MSSSIM 0.936 (0.907) | Lr 0.0001
2025-09-21 19:02:33,243 - INFO] Time 0.071 | CBR 0.0625 (0.0625) | SNR 10.0 | PSNR 25.373 (27.487) | MSSSIM 0.878 (0.906) | Lr 0.0001
2025-09-21 19:02:33,385 - INFO] Time 0.070 | CBR 0.0625 (0.0625) | SNR 10.0 | PSNR 27.439 (27.485) | MSSSIM 0.918 (0.906) | Lr 0.0001
2025-09-21 19:02:33,563 - INFO] Time 0.107 | CBR 0.0625 (0.0625) | SNR 10.0 | PSNR 28.908 (27.556) | MSSSIM 0.949 (0.909) | Lr 0.0001
2025-09-21 19:02:33,705 - INFO] Time 0.071 | CBR 0.0625 (0.0625) | SNR 10.0 | PSNR 25.931 (27.479) | MSSSIM 0.916 (0.909) | Lr 0.0001
2025-09-21 19:02:33,848 - INFO] Time 0.070 | CBR 0.0625 (0.0625) | SNR 10.0 | PSNR 27.641 (27.486) | MSSSIM 0.875 (0.907) | Lr 0.0001
2025-09-21 19:02:33,988 - INFO] Time 0.069 | CBR 0.0625 (0.0625) | SNR 10.0 | PSNR 31.135 (27.645) | MSSSIM 0.956 (0.909) | Lr 0.0001
2025-09-21 19:02:34,133 - INFO] Time 0.072 | CBR 0.0625 (0.0625) | SNR 10.0 | PSNR 24.862 (27.529) | MSSSIM 0.893 (0.909) | Lr 0.0001
2025-09-21 19:02:34,275 - INFO] Time 0.070 | CBR 0.0833 (0.0833) | SNR 10.0 | PSNR 26.935 (26.935) | MSSSIM 0.913 (0.913) | Lr 0.0001
2025-09-21 19:02:34,417 - INFO] Time 0.071 | CBR 0.0833 (0.0833) | SNR 10.0 | PSNR 32.738 (29.836) | MSSSIM 0.945 (0.929) | Lr 0.0001
2025-09-21 19:02:34,560 - INFO] Time 0.071 | CBR 0.0833 (0.0833) | SNR 10.0 | PSNR 34.458 (31.377) | MSSSIM 0.974 (0.944) | Lr 0.0001
2025-09-21 19:02:34,744 - INFO] Time 0.111 | CBR 0.0833 (0.0833) | SNR 10.0 | PSNR 32.409 (31.635) | MSSSIM 0.958 (0.948) | Lr 0.0001
2025-09-21 19:02:34,925 - INFO] Time 0.108 | CBR 0.0833 (0.0833) | SNR 10.0 | PSNR 26.165 (30.541) | MSSSIM 0.926 (0.943) | Lr 0.0001
2025-09-21 19:02:35,066 - INFO] Time 0.071 | CBR 0.0833 (0.0833) | SNR 10.0 | PSNR 28.793 (30.250) | MSSSIM 0.926 (0.940) | Lr 0.0001
2025-09-21 19:02:35,210 - INFO] Time 0.071 | CBR 0.0833 (0.0833) | SNR 10.0 | PSNR 30.933 (30.347) | MSSSIM 0.960 (0.943) | Lr 0.0001
2025-09-21 19:02:35,351 - INFO] Time 0.070 | CBR 0.0833 (0.0833) | SNR 10.0 | PSNR 24.750 (29.648) | MSSSIM 0.934 (0.942) | Lr 0.0001
2025-09-21 19:02:35,530 - INFO] Time 0.107 | CBR 0.0833 (0.0833) | SNR 10.0 | PSNR 31.429 (29.846) | MSSSIM 0.965 (0.944) | Lr 0.0001
2025-09-21 19:02:35,673 - INFO] Time 0.071 | CBR 0.0833 (0.0833) | SNR 10.0 | PSNR 31.669 (30.028) | MSSSIM 0.964 (0.946) | Lr 0.0001
2025-09-21 19:02:35,852 - INFO] Time 0.107 | CBR 0.0833 (0.0833) | SNR 10.0 | PSNR 29.528 (29.983) | MSSSIM 0.941 (0.946) | Lr 0.0001
2025-09-21 19:02:35,995 - INFO] Time 0.071 | CBR 0.0833 (0.0833) | SNR 10.0 | PSNR 33.313 (30.260) | MSSSIM 0.964 (0.947) | Lr 0.0001
2025-09-21 19:02:36,139 - INFO] Time 0.072 | CBR 0.0833 (0.0833) | SNR 10.0 | PSNR 24.326 (29.804) | MSSSIM 0.888 (0.943) | Lr 0.0001
2025-09-21 19:02:36,281 - INFO] Time 0.071 | CBR 0.0833 (0.0833) | SNR 10.0 | PSNR 28.164 (29.687) | MSSSIM 0.931 (0.942) | Lr 0.0001
2025-09-21 19:02:36,423 - INFO] Time 0.071 | CBR 0.0833 (0.0833) | SNR 10.0 | PSNR 32.377 (29.866) | MSSSIM 0.966 (0.944) | Lr 0.0001
2025-09-21 19:02:36,564 - INFO] Time 0.070 | CBR 0.0833 (0.0833) | SNR 10.0 | PSNR 32.457 (30.028) | MSSSIM 0.949 (0.944) | Lr 0.0001
2025-09-21 19:02:36,741 - INFO] Time 0.105 | CBR 0.0833 (0.0833) | SNR 10.0 | PSNR 31.534 (30.116) | MSSSIM 0.963 (0.945) | Lr 0.0001
2025-09-21 19:02:36,882 - INFO] Time 0.070 | CBR 0.0833 (0.0833) | SNR 10.0 | PSNR 27.695 (29.982) | MSSSIM 0.926 (0.944) | Lr 0.0001
2025-09-21 19:02:37,025 - INFO] Time 0.072 | CBR 0.0833 (0.0833) | SNR 10.0 | PSNR 29.546 (29.959) | MSSSIM 0.948 (0.944) | Lr 0.0001
2025-09-21 19:02:37,207 - INFO] Time 0.105 | CBR 0.0833 (0.0833) | SNR 10.0 | PSNR 31.124 (30.017) | MSSSIM 0.967 (0.945) | Lr 0.0001
2025-09-21 19:02:37,350 - INFO] Time 0.071 | CBR 0.0833 (0.0833) | SNR 10.0 | PSNR 28.369 (29.939) | MSSSIM 0.947 (0.945) | Lr 0.0001
2025-09-21 19:02:37,493 - INFO] Time 0.071 | CBR 0.0833 (0.0833) | SNR 10.0 | PSNR 30.211 (29.951) | MSSSIM 0.928 (0.945) | Lr 0.0001
2025-09-21 19:02:37,643 - INFO] Time 0.075 | CBR 0.0833 (0.0833) | SNR 10.0 | PSNR 33.719 (30.115) | MSSSIM 0.974 (0.946) | Lr 0.0001
2025-09-21 19:02:37,795 - INFO] Time 0.075 | CBR 0.0833 (0.0833) | SNR 10.0 | PSNR 27.691 (30.014) | MSSSIM 0.942 (0.946) | Lr 0.0001
2025-09-21 19:02:37,946 - INFO] Time 0.075 | CBR 0.1250 (0.1250) | SNR 10.0 | PSNR 32.809 (32.809) | MSSSIM 0.984 (0.984) | Lr 0.0001
2025-09-21 19:02:38,097 - INFO] Time 0.075 | CBR 0.1250 (0.1250) | SNR 10.0 | PSNR 37.637 (35.223) | MSSSIM 0.982 (0.983) | Lr 0.0001
2025-09-21 19:02:38,246 - INFO] Time 0.075 | CBR 0.1250 (0.1250) | SNR 10.0 | PSNR 40.072 (36.839) | MSSSIM 0.991 (0.986) | Lr 0.0001
2025-09-21 19:02:38,437 - INFO] Time 0.114 | CBR 0.1250 (0.1250) | SNR 10.0 | PSNR 37.870 (37.097) | MSSSIM 0.987 (0.986) | Lr 0.0001
2025-09-21 19:02:38,629 - INFO] Time 0.114 | CBR 0.1250 (0.1250) | SNR 10.0 | PSNR 32.514 (36.180) | MSSSIM 0.986 (0.986) | Lr 0.0001
2025-09-21 19:02:38,781 - INFO] Time 0.076 | CBR 0.1250 (0.1250) | SNR 10.0 | PSNR 34.796 (35.950) | MSSSIM 0.983 (0.985) | Lr 0.0001
2025-09-21 19:02:38,935 - INFO] Time 0.076 | CBR 0.1250 (0.1250) | SNR 10.0 | PSNR 38.629 (36.332) | MSSSIM 0.993 (0.986) | Lr 0.0001
2025-09-21 19:02:39,088 - INFO] Time 0.076 | CBR 0.1250 (0.1250) | SNR 10.0 | PSNR 31.480 (35.726) | MSSSIM 0.986 (0.986) | Lr 0.0001
2025-09-21 19:02:39,280 - INFO] Time 0.115 | CBR 0.1250 (0.1250) | SNR 10.0 | PSNR 38.791 (36.066) | MSSSIM 0.990 (0.987) | Lr 0.0001
2025-09-21 19:02:39,434 - INFO] Time 0.076 | CBR 0.1250 (0.1250) | SNR 10.0 | PSNR 38.665 (36.326) | MSSSIM 0.990 (0.987) | Lr 0.0001
2025-09-21 19:02:39,625 - INFO] Time 0.114 | CBR 0.1250 (0.1250) | SNR 10.0 | PSNR 35.586 (36.259) | MSSSIM 0.985 (0.987) | Lr 0.0001
2025-09-21 19:02:39,776 - INFO] Time 0.075 | CBR 0.1250 (0.1250) | SNR 10.0 | PSNR 39.368 (36.518) | MSSSIM 0.988 (0.987) | Lr 0.0001
2025-09-21 19:02:39,929 - INFO] Time 0.076 | CBR 0.1250 (0.1250) | SNR 10.0 | PSNR 29.453 (35.975) | MSSSIM 0.973 (0.986) | Lr 0.0001
2025-09-21 19:02:40,081 - INFO] Time 0.075 | CBR 0.1250 (0.1250) | SNR 10.0 | PSNR 33.871 (35.824) | MSSSIM 0.983 (0.986) | Lr 0.0001
2025-09-21 19:02:40,233 - INFO] Time 0.075 | CBR 0.1250 (0.1250) | SNR 10.0 | PSNR 37.389 (35.929) | MSSSIM 0.987 (0.986) | Lr 0.0001
2025-09-21 19:02:40,384 - INFO] Time 0.075 | CBR 0.1250 (0.1250) | SNR 10.0 | PSNR 38.179 (36.069) | MSSSIM 0.988 (0.986) | Lr 0.0001
2025-09-21 19:02:40,576 - INFO] Time 0.116 | CBR 0.1250 (0.1250) | SNR 10.0 | PSNR 37.799 (36.171) | MSSSIM 0.990 (0.986) | Lr 0.0001
2025-09-21 19:02:40,730 - INFO] Time 0.077 | CBR 0.1250 (0.1250) | SNR 10.0 | PSNR 33.051 (35.998) | MSSSIM 0.980 (0.986) | Lr 0.0001
2025-09-21 19:02:40,883 - INFO] Time 0.076 | CBR 0.1250 (0.1250) | SNR 10.0 | PSNR 36.162 (36.006) | MSSSIM 0.986 (0.986) | Lr 0.0001
2025-09-21 19:02:41,073 - INFO] Time 0.115 | CBR 0.1250 (0.1250) | SNR 10.0 | PSNR 38.025 (36.107) | MSSSIM 0.990 (0.986) | Lr 0.0001
2025-09-21 19:02:41,225 - INFO] Time 0.076 | CBR 0.1250 (0.1250) | SNR 10.0 | PSNR 34.984 (36.054) | MSSSIM 0.986 (0.986) | Lr 0.0001
2025-09-21 19:02:41,378 - INFO] Time 0.075 | CBR 0.1250 (0.1250) | SNR 10.0 | PSNR 35.447 (36.026) | MSSSIM 0.981 (0.986) | Lr 0.0001
2025-09-21 19:02:41,528 - INFO] Time 0.075 | CBR 0.1250 (0.1250) | SNR 10.0 | PSNR 39.537 (36.179) | MSSSIM 0.990 (0.986) | Lr 0.0001
2025-09-21 19:02:41,683 - INFO] Time 0.076 | CBR 0.1250 (0.1250) | SNR 10.0 | PSNR 33.067 (36.049) | MSSSIM 0.986 (0.986) | Lr 0.0001
2025-09-21 19:02:41,833 - INFO] Time 0.075 | CBR 0.0208 (0.0208) | SNR 13.0 | PSNR 20.337 (20.337) | MSSSIM 0.590 (0.590) | Lr 0.0001
2025-09-21 19:02:41,984 - INFO] Time 0.074 | CBR 0.0208 (0.0208) | SNR 13.0 | PSNR 22.941 (21.639) | MSSSIM 0.744 (0.667) | Lr 0.0001
2025-09-21 19:02:42,136 - INFO] Time 0.076 | CBR 0.0208 (0.0208) | SNR 13.0 | PSNR 22.083 (21.787) | MSSSIM 0.792 (0.709) | Lr 0.0001
2025-09-21 19:02:42,330 - INFO] Time 0.117 | CBR 0.0208 (0.0208) | SNR 13.0 | PSNR 22.870 (22.058) | MSSSIM 0.786 (0.728) | Lr 0.0001
2025-09-21 19:02:42,521 - INFO] Time 0.113 | CBR 0.0208 (0.0208) | SNR 13.0 | PSNR 18.340 (21.314) | MSSSIM 0.538 (0.690) | Lr 0.0001
2025-09-21 19:02:42,673 - INFO] Time 0.076 | CBR 0.0208 (0.0208) | SNR 13.0 | PSNR 21.692 (21.377) | MSSSIM 0.693 (0.691) | Lr 0.0001
2025-09-21 19:02:42,827 - INFO] Time 0.075 | CBR 0.0208 (0.0208) | SNR 13.0 | PSNR 21.686 (21.421) | MSSSIM 0.733 (0.697) | Lr 0.0001
2025-09-21 19:02:42,979 - INFO] Time 0.075 | CBR 0.0208 (0.0208) | SNR 13.0 | PSNR 15.778 (20.716) | MSSSIM 0.532 (0.676) | Lr 0.0001
2025-09-21 19:02:43,172 - INFO] Time 0.114 | CBR 0.0208 (0.0208) | SNR 13.0 | PSNR 23.424 (21.017) | MSSSIM 0.795 (0.689) | Lr 0.0001
2025-09-21 19:02:43,324 - INFO] Time 0.076 | CBR 0.0208 (0.0208) | SNR 13.0 | PSNR 24.369 (21.352) | MSSSIM 0.797 (0.700) | Lr 0.0001
2025-09-21 19:02:43,518 - INFO] Time 0.115 | CBR 0.0208 (0.0208) | SNR 13.0 | PSNR 22.786 (21.482) | MSSSIM 0.737 (0.703) | Lr 0.0001
2025-09-21 19:02:43,672 - INFO] Time 0.077 | CBR 0.0208 (0.0208) | SNR 13.0 | PSNR 21.201 (21.459) | MSSSIM 0.826 (0.714) | Lr 0.0001
2025-09-21 19:02:43,826 - INFO] Time 0.077 | CBR 0.0208 (0.0208) | SNR 13.0 | PSNR 18.894 (21.262) | MSSSIM 0.571 (0.703) | Lr 0.0001
2025-09-21 19:02:43,978 - INFO] Time 0.075 | CBR 0.0208 (0.0208) | SNR 13.0 | PSNR 20.277 (21.191) | MSSSIM 0.630 (0.697) | Lr 0.0001
2025-09-21 19:02:44,132 - INFO] Time 0.077 | CBR 0.0208 (0.0208) | SNR 13.0 | PSNR 22.069 (21.250) | MSSSIM 0.814 (0.705) | Lr 0.0001
2025-09-21 19:02:44,283 - INFO] Time 0.075 | CBR 0.0208 (0.0208) | SNR 13.0 | PSNR 25.768 (21.532) | MSSSIM 0.793 (0.711) | Lr 0.0001
2025-09-21 19:02:44,475 - INFO] Time 0.115 | CBR 0.0208 (0.0208) | SNR 13.0 | PSNR 24.693 (21.718) | MSSSIM 0.797 (0.716) | Lr 0.0001
2025-09-21 19:02:44,626 - INFO] Time 0.075 | CBR 0.0208 (0.0208) | SNR 13.0 | PSNR 20.464 (21.648) | MSSSIM 0.600 (0.709) | Lr 0.0001
2025-09-21 19:02:44,778 - INFO] Time 0.075 | CBR 0.0208 (0.0208) | SNR 13.0 | PSNR 20.345 (21.580) | MSSSIM 0.737 (0.711) | Lr 0.0001
2025-09-21 19:02:44,969 - INFO] Time 0.114 | CBR 0.0208 (0.0208) | SNR 13.0 | PSNR 22.478 (21.625) | MSSSIM 0.834 (0.717) | Lr 0.0001
2025-09-21 19:02:45,121 - INFO] Time 0.075 | CBR 0.0208 (0.0208) | SNR 13.0 | PSNR 21.990 (21.642) | MSSSIM 0.772 (0.720) | Lr 0.0001
2025-09-21 19:02:45,275 - INFO] Time 0.075 | CBR 0.0208 (0.0208) | SNR 13.0 | PSNR 22.572 (21.684) | MSSSIM 0.685 (0.718) | Lr 0.0001
2025-09-21 19:02:45,426 - INFO] Time 0.076 | CBR 0.0208 (0.0208) | SNR 13.0 | PSNR 16.335 (21.452) | MSSSIM 0.685 (0.717) | Lr 0.0001
2025-09-21 19:02:45,578 - INFO] Time 0.075 | CBR 0.0208 (0.0208) | SNR 13.0 | PSNR 21.372 (21.448) | MSSSIM 0.697 (0.716) | Lr 0.0001
2025-09-21 19:02:45,728 - INFO] Time 0.075 | CBR 0.0417 (0.0417) | SNR 13.0 | PSNR 24.442 (24.442) | MSSSIM 0.850 (0.850) | Lr 0.0001
2025-09-21 19:02:45,880 - INFO] Time 0.075 | CBR 0.0417 (0.0417) | SNR 13.0 | PSNR 29.779 (27.110) | MSSSIM 0.898 (0.874) | Lr 0.0001
2025-09-21 19:02:46,031 - INFO] Time 0.076 | CBR 0.0417 (0.0417) | SNR 13.0 | PSNR 31.434 (28.551) | MSSSIM 0.953 (0.900) | Lr 0.0001
2025-09-21 19:02:46,223 - INFO] Time 0.115 | CBR 0.0417 (0.0417) | SNR 13.0 | PSNR 29.696 (28.838) | MSSSIM 0.922 (0.906) | Lr 0.0001
2025-09-21 19:02:46,414 - INFO] Time 0.113 | CBR 0.0417 (0.0417) | SNR 13.0 | PSNR 23.112 (27.693) | MSSSIM 0.860 (0.897) | Lr 0.0001
2025-09-21 19:02:46,567 - INFO] Time 0.076 | CBR 0.0417 (0.0417) | SNR 13.0 | PSNR 25.794 (27.376) | MSSSIM 0.869 (0.892) | Lr 0.0001
2025-09-21 19:02:46,721 - INFO] Time 0.076 | CBR 0.0417 (0.0417) | SNR 13.0 | PSNR 28.420 (27.525) | MSSSIM 0.938 (0.899) | Lr 0.0001
2025-09-21 19:02:46,874 - INFO] Time 0.076 | CBR 0.0417 (0.0417) | SNR 13.0 | PSNR 22.017 (26.837) | MSSSIM 0.884 (0.897) | Lr 0.0001
2025-09-21 19:02:47,066 - INFO] Time 0.113 | CBR 0.0417 (0.0417) | SNR 13.0 | PSNR 28.812 (27.056) | MSSSIM 0.937 (0.901) | Lr 0.0001
2025-09-21 19:02:47,219 - INFO] Time 0.076 | CBR 0.0417 (0.0417) | SNR 13.0 | PSNR 28.996 (27.250) | MSSSIM 0.936 (0.905) | Lr 0.0001
2025-09-21 19:02:47,412 - INFO] Time 0.116 | CBR 0.0417 (0.0417) | SNR 13.0 | PSNR 26.727 (27.203) | MSSSIM 0.896 (0.904) | Lr 0.0001
2025-09-21 19:02:47,563 - INFO] Time 0.075 | CBR 0.0417 (0.0417) | SNR 13.0 | PSNR 30.686 (27.493) | MSSSIM 0.939 (0.907) | Lr 0.0001
2025-09-21 19:02:47,714 - INFO] Time 0.075 | CBR 0.0417 (0.0417) | SNR 13.0 | PSNR 21.555 (27.036) | MSSSIM 0.800 (0.899) | Lr 0.0001
2025-09-21 19:02:47,865 - INFO] Time 0.075 | CBR 0.0417 (0.0417) | SNR 13.0 | PSNR 25.312 (26.913) | MSSSIM 0.873 (0.897) | Lr 0.0001
2025-09-21 19:02:48,019 - INFO] Time 0.076 | CBR 0.0417 (0.0417) | SNR 13.0 | PSNR 29.361 (27.076) | MSSSIM 0.940 (0.900) | Lr 0.0001
2025-09-21 19:02:48,170 - INFO] Time 0.076 | CBR 0.0417 (0.0417) | SNR 13.0 | PSNR 29.459 (27.225) | MSSSIM 0.910 (0.900) | Lr 0.0001
2025-09-21 19:02:48,360 - INFO] Time 0.114 | CBR 0.0417 (0.0417) | SNR 13.0 | PSNR 28.683 (27.311) | MSSSIM 0.934 (0.902) | Lr 0.0001
2025-09-21 19:02:48,512 - INFO] Time 0.076 | CBR 0.0417 (0.0417) | SNR 13.0 | PSNR 24.957 (27.180) | MSSSIM 0.871 (0.901) | Lr 0.0001
2025-09-21 19:02:48,667 - INFO] Time 0.076 | CBR 0.0417 (0.0417) | SNR 13.0 | PSNR 27.096 (27.176) | MSSSIM 0.913 (0.901) | Lr 0.0001
2025-09-21 19:02:48,861 - INFO] Time 0.116 | CBR 0.0417 (0.0417) | SNR 13.0 | PSNR 28.569 (27.245) | MSSSIM 0.945 (0.903) | Lr 0.0001
2025-09-21 19:02:49,016 - INFO] Time 0.077 | CBR 0.0417 (0.0417) | SNR 13.0 | PSNR 25.393 (27.157) | MSSSIM 0.910 (0.904) | Lr 0.0001
2025-09-21 19:02:49,172 - INFO] Time 0.077 | CBR 0.0417 (0.0417) | SNR 13.0 | PSNR 27.444 (27.170) | MSSSIM 0.871 (0.902) | Lr 0.0001
2025-09-21 19:02:49,326 - INFO] Time 0.076 | CBR 0.0417 (0.0417) | SNR 13.0 | PSNR 30.845 (27.330) | MSSSIM 0.954 (0.904) | Lr 0.0001
2025-09-21 19:02:49,482 - INFO] Time 0.077 | CBR 0.0417 (0.0417) | SNR 13.0 | PSNR 24.384 (27.207) | MSSSIM 0.890 (0.904) | Lr 0.0001
2025-09-21 19:02:49,637 - INFO] Time 0.078 | CBR 0.0625 (0.0625) | SNR 13.0 | PSNR 24.934 (24.934) | MSSSIM 0.866 (0.866) | Lr 0.0001
2025-09-21 19:02:49,792 - INFO] Time 0.077 | CBR 0.0625 (0.0625) | SNR 13.0 | PSNR 29.989 (27.461) | MSSSIM 0.907 (0.887) | Lr 0.0001
2025-09-21 19:02:49,947 - INFO] Time 0.077 | CBR 0.0625 (0.0625) | SNR 13.0 | PSNR 31.834 (28.919) | MSSSIM 0.957 (0.910) | Lr 0.0001
2025-09-21 19:02:50,144 - INFO] Time 0.117 | CBR 0.0625 (0.0625) | SNR 13.0 | PSNR 30.186 (29.236) | MSSSIM 0.929 (0.915) | Lr 0.0001
2025-09-21 19:02:50,338 - INFO] Time 0.115 | CBR 0.0625 (0.0625) | SNR 13.0 | PSNR 23.621 (28.113) | MSSSIM 0.879 (0.908) | Lr 0.0001
2025-09-21 19:02:50,493 - INFO] Time 0.077 | CBR 0.0625 (0.0625) | SNR 13.0 | PSNR 26.322 (27.814) | MSSSIM 0.881 (0.903) | Lr 0.0001
2025-09-21 19:02:50,651 - INFO] Time 0.077 | CBR 0.0625 (0.0625) | SNR 13.0 | PSNR 28.941 (27.975) | MSSSIM 0.946 (0.909) | Lr 0.0001
2025-09-21 19:02:50,809 - INFO] Time 0.077 | CBR 0.0625 (0.0625) | SNR 13.0 | PSNR 22.356 (27.273) | MSSSIM 0.894 (0.907) | Lr 0.0001
2025-09-21 19:02:51,005 - INFO] Time 0.117 | CBR 0.0625 (0.0625) | SNR 13.0 | PSNR 29.266 (27.494) | MSSSIM 0.943 (0.911) | Lr 0.0001
2025-09-21 19:02:51,164 - INFO] Time 0.079 | CBR 0.0625 (0.0625) | SNR 13.0 | PSNR 29.304 (27.675) | MSSSIM 0.941 (0.914) | Lr 0.0001
2025-09-21 19:02:51,361 - INFO] Time 0.118 | CBR 0.0625 (0.0625) | SNR 13.0 | PSNR 27.271 (27.639) | MSSSIM 0.907 (0.914) | Lr 0.0001
2025-09-21 19:02:51,516 - INFO] Time 0.077 | CBR 0.0625 (0.0625) | SNR 13.0 | PSNR 31.092 (27.926) | MSSSIM 0.944 (0.916) | Lr 0.0001
2025-09-21 19:02:51,672 - INFO] Time 0.079 | CBR 0.0625 (0.0625) | SNR 13.0 | PSNR 22.168 (27.483) | MSSSIM 0.824 (0.909) | Lr 0.0001
2025-09-21 19:02:51,828 - INFO] Time 0.078 | CBR 0.0625 (0.0625) | SNR 13.0 | PSNR 25.890 (27.370) | MSSSIM 0.890 (0.908) | Lr 0.0001
2025-09-21 19:02:51,986 - INFO] Time 0.078 | CBR 0.0625 (0.0625) | SNR 13.0 | PSNR 29.833 (27.534) | MSSSIM 0.945 (0.910) | Lr 0.0001
2025-09-21 19:02:52,140 - INFO] Time 0.077 | CBR 0.0625 (0.0625) | SNR 13.0 | PSNR 29.990 (27.687) | MSSSIM 0.919 (0.911) | Lr 0.0001
2025-09-21 19:02:52,334 - INFO] Time 0.116 | CBR 0.0625 (0.0625) | SNR 13.0 | PSNR 29.228 (27.778) | MSSSIM 0.940 (0.913) | Lr 0.0001
2025-09-21 19:02:52,490 - INFO] Time 0.078 | CBR 0.0625 (0.0625) | SNR 13.0 | PSNR 25.519 (27.652) | MSSSIM 0.884 (0.911) | Lr 0.0001
2025-09-21 19:02:52,647 - INFO] Time 0.078 | CBR 0.0625 (0.0625) | SNR 13.0 | PSNR 27.583 (27.649) | MSSSIM 0.922 (0.912) | Lr 0.0001
2025-09-21 19:02:52,844 - INFO] Time 0.119 | CBR 0.0625 (0.0625) | SNR 13.0 | PSNR 29.061 (27.719) | MSSSIM 0.951 (0.914) | Lr 0.0001
2025-09-21 19:02:52,999 - INFO] Time 0.078 | CBR 0.0625 (0.0625) | SNR 13.0 | PSNR 25.979 (27.636) | MSSSIM 0.920 (0.914) | Lr 0.0001
2025-09-21 19:02:53,156 - INFO] Time 0.077 | CBR 0.0625 (0.0625) | SNR 13.0 | PSNR 27.805 (27.644) | MSSSIM 0.883 (0.912) | Lr 0.0001
2025-09-21 19:02:53,311 - INFO] Time 0.078 | CBR 0.0625 (0.0625) | SNR 13.0 | PSNR 31.310 (27.804) | MSSSIM 0.958 (0.914) | Lr 0.0001
2025-09-21 19:02:53,468 - INFO] Time 0.078 | CBR 0.0625 (0.0625) | SNR 13.0 | PSNR 24.950 (27.685) | MSSSIM 0.900 (0.914) | Lr 0.0001
2025-09-21 19:02:53,622 - INFO] Time 0.077 | CBR 0.0833 (0.0833) | SNR 13.0 | PSNR 27.202 (27.202) | MSSSIM 0.919 (0.919) | Lr 0.0001
2025-09-21 19:02:53,776 - INFO] Time 0.077 | CBR 0.0833 (0.0833) | SNR 13.0 | PSNR 33.037 (30.120) | MSSSIM 0.950 (0.935) | Lr 0.0001
2025-09-21 19:02:53,930 - INFO] Time 0.077 | CBR 0.0833 (0.0833) | SNR 13.0 | PSNR 34.710 (31.650) | MSSSIM 0.976 (0.948) | Lr 0.0001
2025-09-21 19:02:54,127 - INFO] Time 0.117 | CBR 0.0833 (0.0833) | SNR 13.0 | PSNR 32.645 (31.899) | MSSSIM 0.961 (0.952) | Lr 0.0001
2025-09-21 19:02:54,324 - INFO] Time 0.116 | CBR 0.0833 (0.0833) | SNR 13.0 | PSNR 26.556 (30.830) | MSSSIM 0.933 (0.948) | Lr 0.0001
2025-09-21 19:02:54,480 - INFO] Time 0.077 | CBR 0.0833 (0.0833) | SNR 13.0 | PSNR 29.061 (30.535) | MSSSIM 0.931 (0.945) | Lr 0.0001
2025-09-21 19:02:54,638 - INFO] Time 0.078 | CBR 0.0833 (0.0833) | SNR 13.0 | PSNR 31.283 (30.642) | MSSSIM 0.965 (0.948) | Lr 0.0001
2025-09-21 19:02:54,795 - INFO] Time 0.077 | CBR 0.0833 (0.0833) | SNR 13.0 | PSNR 25.080 (29.947) | MSSSIM 0.940 (0.947) | Lr 0.0001
2025-09-21 19:02:54,990 - INFO] Time 0.115 | CBR 0.0833 (0.0833) | SNR 13.0 | PSNR 31.482 (30.117) | MSSSIM 0.965 (0.949) | Lr 0.0001
2025-09-21 19:02:55,147 - INFO] Time 0.080 | CBR 0.0833 (0.0833) | SNR 13.0 | PSNR 31.932 (30.299) | MSSSIM 0.967 (0.951) | Lr 0.0001
2025-09-21 19:02:55,343 - INFO] Time 0.119 | CBR 0.0833 (0.0833) | SNR 13.0 | PSNR 29.803 (30.254) | MSSSIM 0.946 (0.950) | Lr 0.0001
2025-09-21 19:02:55,499 - INFO] Time 0.078 | CBR 0.0833 (0.0833) | SNR 13.0 | PSNR 33.532 (30.527) | MSSSIM 0.967 (0.952) | Lr 0.0001
2025-09-21 19:02:55,654 - INFO] Time 0.077 | CBR 0.0833 (0.0833) | SNR 13.0 | PSNR 24.601 (30.071) | MSSSIM 0.898 (0.948) | Lr 0.0001
2025-09-21 19:02:55,811 - INFO] Time 0.078 | CBR 0.0833 (0.0833) | SNR 13.0 | PSNR 28.539 (29.962) | MSSSIM 0.937 (0.947) | Lr 0.0001
2025-09-21 19:02:55,968 - INFO] Time 0.078 | CBR 0.0833 (0.0833) | SNR 13.0 | PSNR 32.605 (30.138) | MSSSIM 0.968 (0.948) | Lr 0.0001
2025-09-21 19:02:56,123 - INFO] Time 0.077 | CBR 0.0833 (0.0833) | SNR 13.0 | PSNR 32.716 (30.299) | MSSSIM 0.952 (0.948) | Lr 0.0001
2025-09-21 19:02:56,316 - INFO] Time 0.116 | CBR 0.0833 (0.0833) | SNR 13.0 | PSNR 31.777 (30.386) | MSSSIM 0.966 (0.949) | Lr 0.0001
2025-09-21 19:02:56,468 - INFO] Time 0.076 | CBR 0.0833 (0.0833) | SNR 13.0 | PSNR 27.978 (30.252) | MSSSIM 0.933 (0.949) | Lr 0.0001
2025-09-21 19:02:56,624 - INFO] Time 0.077 | CBR 0.0833 (0.0833) | SNR 13.0 | PSNR 29.809 (30.229) | MSSSIM 0.953 (0.949) | Lr 0.0001
2025-09-21 19:02:56,825 - INFO] Time 0.121 | CBR 0.0833 (0.0833) | SNR 13.0 | PSNR 31.402 (30.288) | MSSSIM 0.969 (0.950) | Lr 0.0001
2025-09-21 19:02:56,985 - INFO] Time 0.081 | CBR 0.0833 (0.0833) | SNR 13.0 | PSNR 28.587 (30.207) | MSSSIM 0.951 (0.950) | Lr 0.0001
2025-09-21 19:02:57,147 - INFO] Time 0.080 | CBR 0.0833 (0.0833) | SNR 13.0 | PSNR 30.450 (30.218) | MSSSIM 0.934 (0.949) | Lr 0.0001
2025-09-21 19:02:57,305 - INFO] Time 0.079 | CBR 0.0833 (0.0833) | SNR 13.0 | PSNR 33.944 (30.380) | MSSSIM 0.976 (0.950) | Lr 0.0001
2025-09-21 19:02:57,465 - INFO] Time 0.080 | CBR 0.0833 (0.0833) | SNR 13.0 | PSNR 27.944 (30.278) | MSSSIM 0.948 (0.950) | Lr 0.0001
2025-09-21 19:02:57,624 - INFO] Time 0.079 | CBR 0.1250 (0.1250) | SNR 13.0 | PSNR 34.135 (34.135) | MSSSIM 0.989 (0.989) | Lr 0.0001
2025-09-21 19:02:57,782 - INFO] Time 0.078 | CBR 0.1250 (0.1250) | SNR 13.0 | PSNR 38.432 (36.284) | MSSSIM 0.986 (0.988) | Lr 0.0001
2025-09-21 19:02:57,940 - INFO] Time 0.078 | CBR 0.1250 (0.1250) | SNR 13.0 | PSNR 40.807 (37.791) | MSSSIM 0.993 (0.990) | Lr 0.0001
2025-09-21 19:02:58,143 - INFO] Time 0.123 | CBR 0.1250 (0.1250) | SNR 13.0 | PSNR 38.787 (38.040) | MSSSIM 0.990 (0.990) | Lr 0.0001
2025-09-21 19:02:58,344 - INFO] Time 0.119 | CBR 0.1250 (0.1250) | SNR 13.0 | PSNR 33.924 (37.217) | MSSSIM 0.990 (0.990) | Lr 0.0001
2025-09-21 19:02:58,503 - INFO] Time 0.080 | CBR 0.1250 (0.1250) | SNR 13.0 | PSNR 36.072 (37.026) | MSSSIM 0.988 (0.990) | Lr 0.0001
2025-09-21 19:02:58,666 - INFO] Time 0.080 | CBR 0.1250 (0.1250) | SNR 13.0 | PSNR 39.570 (37.390) | MSSSIM 0.994 (0.990) | Lr 0.0001
2025-09-21 19:02:58,826 - INFO] Time 0.079 | CBR 0.1250 (0.1250) | SNR 13.0 | PSNR 32.673 (36.800) | MSSSIM 0.990 (0.990) | Lr 0.0001
2025-09-21 19:02:59,026 - INFO] Time 0.118 | CBR 0.1250 (0.1250) | SNR 13.0 | PSNR 39.607 (37.112) | MSSSIM 0.992 (0.990) | Lr 0.0001
2025-09-21 19:02:59,186 - INFO] Time 0.079 | CBR 0.1250 (0.1250) | SNR 13.0 | PSNR 39.620 (37.363) | MSSSIM 0.992 (0.991) | Lr 0.0001
2025-09-21 19:02:59,389 - INFO] Time 0.123 | CBR 0.1250 (0.1250) | SNR 13.0 | PSNR 36.677 (37.300) | MSSSIM 0.989 (0.990) | Lr 0.0001
2025-09-21 19:02:59,547 - INFO] Time 0.079 | CBR 0.1250 (0.1250) | SNR 13.0 | PSNR 40.242 (37.546) | MSSSIM 0.991 (0.990) | Lr 0.0001
2025-09-21 19:02:59,706 - INFO] Time 0.079 | CBR 0.1250 (0.1250) | SNR 13.0 | PSNR 30.716 (37.020) | MSSSIM 0.982 (0.990) | Lr 0.0001
2025-09-21 19:02:59,864 - INFO] Time 0.079 | CBR 0.1250 (0.1250) | SNR 13.0 | PSNR 35.105 (36.883) | MSSSIM 0.989 (0.990) | Lr 0.0001
2025-09-21 19:03:00,025 - INFO] Time 0.079 | CBR 0.1250 (0.1250) | SNR 13.0 | PSNR 38.118 (36.966) | MSSSIM 0.990 (0.990) | Lr 0.0001
2025-09-21 19:03:00,184 - INFO] Time 0.080 | CBR 0.1250 (0.1250) | SNR 13.0 | PSNR 39.253 (37.109) | MSSSIM 0.991 (0.990) | Lr 0.0001
2025-09-21 19:03:00,385 - INFO] Time 0.122 | CBR 0.1250 (0.1250) | SNR 13.0 | PSNR 38.719 (37.203) | MSSSIM 0.993 (0.990) | Lr 0.0001
2025-09-21 19:03:00,543 - INFO] Time 0.079 | CBR 0.1250 (0.1250) | SNR 13.0 | PSNR 34.064 (37.029) | MSSSIM 0.986 (0.990) | Lr 0.0001
2025-09-21 19:03:00,704 - INFO] Time 0.081 | CBR 0.1250 (0.1250) | SNR 13.0 | PSNR 37.123 (37.034) | MSSSIM 0.989 (0.990) | Lr 0.0001
2025-09-21 19:03:00,904 - INFO] Time 0.121 | CBR 0.1250 (0.1250) | SNR 13.0 | PSNR 38.735 (37.119) | MSSSIM 0.992 (0.990) | Lr 0.0001
2025-09-21 19:03:01,062 - INFO] Time 0.079 | CBR 0.1250 (0.1250) | SNR 13.0 | PSNR 36.028 (37.067) | MSSSIM 0.990 (0.990) | Lr 0.0001
2025-09-21 19:03:01,222 - INFO] Time 0.079 | CBR 0.1250 (0.1250) | SNR 13.0 | PSNR 36.400 (37.037) | MSSSIM 0.986 (0.990) | Lr 0.0001
2025-09-21 19:03:01,381 - INFO] Time 0.079 | CBR 0.1250 (0.1250) | SNR 13.0 | PSNR 40.319 (37.179) | MSSSIM 0.992 (0.990) | Lr 0.0001
2025-09-21 19:03:01,541 - INFO] Time 0.079 | CBR 0.1250 (0.1250) | SNR 13.0 | PSNR 34.055 (37.049) | MSSSIM 0.990 (0.990) | Lr 0.0001
Encoder  dim=3, input_resolution=(256, 256), depth=2
Encoder  dim=128, input_resolution=(128, 128), depth=2
Encoder  dim=192, input_resolution=(64, 64), depth=6
Encoder  dim=256, input_resolution=(32, 32), depth=2
Decoder  dim=320, input_resolution=(16, 16), depth=2
Decoder  dim=256, input_resolution=(32, 32), depth=6
Decoder  dim=192, input_resolution=(64, 64), depth=2
Decoder  dim=128, input_resolution=(128, 128), depth=2
SNR: [[1.0, 1.0, 1.0, 1.0, 1.0], [4.0, 4.0, 4.0, 4.0, 4.0], [7.0, 7.0, 7.0, 7.0, 7.0], [10.0, 10.0, 10.0, 10.0, 10.0], [13.0, 13.0, 13.0, 13.0, 13.0]]
CBR: [[0.020833333333333325, 0.04166666666666665, 0.0625, 0.0833333333333333, 0.125], [0.020833333333333325, 0.04166666666666665, 0.0625, 0.0833333333333333, 0.125], [0.020833333333333325, 0.04166666666666665, 0.0625, 0.0833333333333333, 0.125], [0.020833333333333325, 0.04166666666666665, 0.0625, 0.0833333333333333, 0.125], [0.020833333333333325, 0.04166666666666665, 0.0625, 0.0833333333333333, 0.125]]
PSNR: [[20.732646624247234, 25.7528178691864, 26.307929913202923, 27.936360359191895, 31.412604173024494], [20.88398853937785, 26.356987237930298, 26.86841146151225, 28.884206374486286, 33.192131996154785], [21.15743064880371, 26.7774924437205, 27.239731868108112, 29.57278800010681, 34.74965818723043], [21.339505910873413, 27.057590405146282, 27.52865131696065, 30.013999462127686, 36.049219608306885], [21.448404669761658, 27.20719814300537, 27.684622764587402, 30.278162956237793, 37.04927706718445]]
MS-SSIM: [[0.6370095560948054, 0.836441827317079, 0.8581228529413542, 0.8937586297591528, 0.950787790119648], [0.6647876252730688, 0.8661704063415527, 0.8839172124862671, 0.9211007182796797, 0.9689213732878367], [0.6888696998357773, 0.8854711254437765, 0.8991246347626051, 0.9369653711716334, 0.9796074678500494], [0.7057620311776797, 0.8979475895563761, 0.9087749967972437, 0.9457335596283277, 0.9859715054432551], [0.7157406955957413, 0.903888667623202, 0.9138020277023315, 0.9501872559388479, 0.989753320813179]]
Finish Test!
pid:614913 tid:0x7cada5951740 [~VaMgr] free_list_ size is not 1.
pid:614913 tid:0x7cada5951740 [~VaMgr] frag_map_ size is not 1.
